CRITICAL - 2026-06-09 05:05:34 --> Error: Class "Locale" not found
[Method: GET, Route: /]
in SYSTEMPATH\CodeIgniter.php on line 189.
 1 SYSTEMPATH\Boot.php(404): CodeIgniter\CodeIgniter->initialize()
 2 SYSTEMPATH\Boot.php(163): CodeIgniter\Boot::initializeCodeIgniter()
 3 ROOTPATH\spark(87): CodeIgniter\Boot::bootSpark(Object(Config\Paths))
CRITICAL - 2026-06-09 05:05:34 --> ErrorException: Uncaught Error: Class "Locale" not found in C:\xampp\htdocs\belajar_ci\system\I18n\TimeTrait.php:75
Stack trace:
#0 C:\xampp\htdocs\belajar_ci\system\I18n\TimeTrait.php(116): CodeIgniter\I18n\Time->__construct(NULL, NULL, NULL)
#1 C:\xampp\htdocs\belajar_ci\system\HTTP\ResponseTrait.php(394): CodeIgniter\I18n\Time::now()
#2 C:\xampp\htdocs\belajar_ci\system\HTTP\ResponseTrait.php(372): CodeIgniter\HTTP\Response->sendHeaders()
#3 C:\xampp\htdocs\belajar_ci\system\Debug\ExceptionHandler.php(95): CodeIgniter\HTTP\Response->send()
#4 C:\xampp\htdocs\belajar_ci\system\Debug\Exceptions.php(151): CodeIgniter\Debug\ExceptionHandler->handle(Object(Error), Object(CodeIgniter\HTTP\IncomingRequest), Object(CodeIgniter\HTTP\Response), 500, 1)
#5 [internal function]: CodeIgniter\Debug\Exceptions->exceptionHandler(Object(Error))
#6 {main}
  thrown
【Previous Exception】
Error
Class "Locale" not found
#0 C:\xampp\htdocs\belajar_ci\system\Boot.php(404): CodeIgniter\CodeIgniter->initialize()
#1 C:\xampp\htdocs\belajar_ci\system\Boot.php(163): CodeIgniter\Boot::initializeCodeIgniter()
#2 C:\xampp\htdocs\belajar_ci\spark(87): CodeIgniter\Boot::bootSpark(Object(Config\Paths))
#3 {main}
[Method: GET, Route: /]
in SYSTEMPATH\I18n\TimeTrait.php on line 75.
 1 [internal function]: CodeIgniter\Debug\Exceptions->shutdownHandler()
ERROR - 2026-06-09 03:15:29 --> Unknown column 'product.deleted_at' in 'where clause'
in SYSTEMPATH\Database\MySQLi\Connection.php on line 300.
 1 SYSTEMPATH\Database\MySQLi\Connection.php(300): mysqli->query('SELECT *
FROM `product`
WHERE `product`.`deleted_at` IS NULL', 0)
 2 SYSTEMPATH\Database\BaseConnection.php(910): CodeIgniter\Database\MySQLi\Connection->execute('SELECT *
FROM `product`
WHERE `product`.`deleted_at` IS NULL')
 3 SYSTEMPATH\Database\BaseConnection.php(827): CodeIgniter\Database\BaseConnection->simpleQuery('SELECT *
FROM `product`
WHERE `product`.`deleted_at` IS NULL')
 4 SYSTEMPATH\Database\BaseBuilder.php(1649): CodeIgniter\Database\BaseConnection->query('SELECT *
FROM `product`
WHERE `product`.`deleted_at` IS NULL', [], false)
 5 SYSTEMPATH\Model.php(253): CodeIgniter\Database\BaseBuilder->get()
 6 SYSTEMPATH\BaseModel.php(676): CodeIgniter\Model->doFindAll(0, 0)
 7 APPPATH\Controllers\Home.php(17): CodeIgniter\BaseModel->findAll()
 8 SYSTEMPATH\CodeIgniter.php(951): App\Controllers\Home->index()
 9 SYSTEMPATH\CodeIgniter.php(497): CodeIgniter\CodeIgniter->runController(Object(App\Controllers\Home))
10 SYSTEMPATH\CodeIgniter.php(340): CodeIgniter\CodeIgniter->handleRequest(null, Object(Config\Cache), false)
11 SYSTEMPATH\Boot.php(417): CodeIgniter\CodeIgniter->run()
12 SYSTEMPATH\Boot.php(68): CodeIgniter\Boot::runCodeIgniter(Object(CodeIgniter\CodeIgniter))
13 FCPATH\index.php(59): CodeIgniter\Boot::bootWeb(Object(Config\Paths))
14 SYSTEMPATH\rewrite.php(44): require_once('C:\\xampp\\htdocs\\belajar_ci\\public\\index.php')
CRITICAL - 2026-06-09 03:15:29 --> CodeIgniter\Database\Exceptions\DatabaseException: Unknown column 'product.deleted_at' in 'where clause'
[Method: GET, Route: /]
in SYSTEMPATH\Database\BaseConnection.php on line 865.
 1 SYSTEMPATH\Database\BaseBuilder.php(1649): CodeIgniter\Database\BaseConnection->query('SELECT *
FROM `product`
WHERE `product`.`deleted_at` IS NULL', [], false)
 2 SYSTEMPATH\Model.php(253): CodeIgniter\Database\BaseBuilder->get()
 3 SYSTEMPATH\BaseModel.php(676): CodeIgniter\Model->doFindAll(0, 0)
 4 APPPATH\Controllers\Home.php(17): CodeIgniter\BaseModel->findAll()
 5 SYSTEMPATH\CodeIgniter.php(951): App\Controllers\Home->index()
 6 SYSTEMPATH\CodeIgniter.php(497): CodeIgniter\CodeIgniter->runController(Object(App\Controllers\Home))
 7 SYSTEMPATH\CodeIgniter.php(340): CodeIgniter\CodeIgniter->handleRequest(null, Object(Config\Cache), false)
 8 SYSTEMPATH\Boot.php(417): CodeIgniter\CodeIgniter->run()
 9 SYSTEMPATH\Boot.php(68): CodeIgniter\Boot::runCodeIgniter(Object(CodeIgniter\CodeIgniter))
10 FCPATH\index.php(59): CodeIgniter\Boot::bootWeb(Object(Config\Paths))
11 SYSTEMPATH\rewrite.php(44): require_once('C:\\xampp\\htdocs\\belajar_ci\\public\\index.php')
CRITICAL - 2026-06-09 03:15:29 --> [Caused by] CodeIgniter\Database\Exceptions\DatabaseException: Unknown column 'product.deleted_at' in 'where clause'
in SYSTEMPATH\Database\MySQLi\Connection.php on line 310.
 1 SYSTEMPATH\Database\BaseConnection.php(910): CodeIgniter\Database\MySQLi\Connection->execute('SELECT *
FROM `product`
WHERE `product`.`deleted_at` IS NULL')
 2 SYSTEMPATH\Database\BaseConnection.php(827): CodeIgniter\Database\BaseConnection->simpleQuery('SELECT *
FROM `product`
WHERE `product`.`deleted_at` IS NULL')
 3 SYSTEMPATH\Database\BaseBuilder.php(1649): CodeIgniter\Database\BaseConnection->query('SELECT *
FROM `product`
WHERE `product`.`deleted_at` IS NULL', [], false)
 4 SYSTEMPATH\Model.php(253): CodeIgniter\Database\BaseBuilder->get()
 5 SYSTEMPATH\BaseModel.php(676): CodeIgniter\Model->doFindAll(0, 0)
 6 APPPATH\Controllers\Home.php(17): CodeIgniter\BaseModel->findAll()
 7 SYSTEMPATH\CodeIgniter.php(951): App\Controllers\Home->index()
 8 SYSTEMPATH\CodeIgniter.php(497): CodeIgniter\CodeIgniter->runController(Object(App\Controllers\Home))
 9 SYSTEMPATH\CodeIgniter.php(340): CodeIgniter\CodeIgniter->handleRequest(null, Object(Config\Cache), false)
10 SYSTEMPATH\Boot.php(417): CodeIgniter\CodeIgniter->run()
11 SYSTEMPATH\Boot.php(68): CodeIgniter\Boot::runCodeIgniter(Object(CodeIgniter\CodeIgniter))
12 FCPATH\index.php(59): CodeIgniter\Boot::bootWeb(Object(Config\Paths))
13 SYSTEMPATH\rewrite.php(44): require_once('C:\\xampp\\htdocs\\belajar_ci\\public\\index.php')
CRITICAL - 2026-06-09 03:15:29 --> [Caused by] mysqli_sql_exception: Unknown column 'product.deleted_at' in 'where clause'
in SYSTEMPATH\Database\MySQLi\Connection.php on line 300.
 1 SYSTEMPATH\Database\MySQLi\Connection.php(300): mysqli->query('SELECT *
FROM `product`
WHERE `product`.`deleted_at` IS NULL', 0)
 2 SYSTEMPATH\Database\BaseConnection.php(910): CodeIgniter\Database\MySQLi\Connection->execute('SELECT *
FROM `product`
WHERE `product`.`deleted_at` IS NULL')
 3 SYSTEMPATH\Database\BaseConnection.php(827): CodeIgniter\Database\BaseConnection->simpleQuery('SELECT *
FROM `product`
WHERE `product`.`deleted_at` IS NULL')
 4 SYSTEMPATH\Database\BaseBuilder.php(1649): CodeIgniter\Database\BaseConnection->query('SELECT *
FROM `product`
WHERE `product`.`deleted_at` IS NULL', [], false)
 5 SYSTEMPATH\Model.php(253): CodeIgniter\Database\BaseBuilder->get()
 6 SYSTEMPATH\BaseModel.php(676): CodeIgniter\Model->doFindAll(0, 0)
 7 APPPATH\Controllers\Home.php(17): CodeIgniter\BaseModel->findAll()
 8 SYSTEMPATH\CodeIgniter.php(951): App\Controllers\Home->index()
 9 SYSTEMPATH\CodeIgniter.php(497): CodeIgniter\CodeIgniter->runController(Object(App\Controllers\Home))
10 SYSTEMPATH\CodeIgniter.php(340): CodeIgniter\CodeIgniter->handleRequest(null, Object(Config\Cache), false)
11 SYSTEMPATH\Boot.php(417): CodeIgniter\CodeIgniter->run()
12 SYSTEMPATH\Boot.php(68): CodeIgniter\Boot::runCodeIgniter(Object(CodeIgniter\CodeIgniter))
13 FCPATH\index.php(59): CodeIgniter\Boot::bootWeb(Object(Config\Paths))
14 SYSTEMPATH\rewrite.php(44): require_once('C:\\xampp\\htdocs\\belajar_ci\\public\\index.php')
ERROR - 2026-06-09 03:15:41 --> Unknown column 'product.deleted_at' in 'where clause'
in SYSTEMPATH\Database\MySQLi\Connection.php on line 300.
 1 SYSTEMPATH\Database\MySQLi\Connection.php(300): mysqli->query('SELECT *
FROM `product`
WHERE `product`.`deleted_at` IS NULL', 0)
 2 SYSTEMPATH\Database\BaseConnection.php(910): CodeIgniter\Database\MySQLi\Connection->execute('SELECT *
FROM `product`
WHERE `product`.`deleted_at` IS NULL')
 3 SYSTEMPATH\Database\BaseConnection.php(827): CodeIgniter\Database\BaseConnection->simpleQuery('SELECT *
FROM `product`
WHERE `product`.`deleted_at` IS NULL')
 4 SYSTEMPATH\Database\BaseBuilder.php(1649): CodeIgniter\Database\BaseConnection->query('SELECT *
FROM `product`
WHERE `product`.`deleted_at` IS NULL', [], false)
 5 SYSTEMPATH\Model.php(253): CodeIgniter\Database\BaseBuilder->get()
 6 SYSTEMPATH\BaseModel.php(676): CodeIgniter\Model->doFindAll(0, 0)
 7 APPPATH\Controllers\Home.php(17): CodeIgniter\BaseModel->findAll()
 8 SYSTEMPATH\CodeIgniter.php(951): App\Controllers\Home->index()
 9 SYSTEMPATH\CodeIgniter.php(497): CodeIgniter\CodeIgniter->runController(Object(App\Controllers\Home))
10 SYSTEMPATH\CodeIgniter.php(340): CodeIgniter\CodeIgniter->handleRequest(null, Object(Config\Cache), false)
11 SYSTEMPATH\Boot.php(417): CodeIgniter\CodeIgniter->run()
12 SYSTEMPATH\Boot.php(68): CodeIgniter\Boot::runCodeIgniter(Object(CodeIgniter\CodeIgniter))
13 FCPATH\index.php(59): CodeIgniter\Boot::bootWeb(Object(Config\Paths))
14 SYSTEMPATH\rewrite.php(44): require_once('C:\\xampp\\htdocs\\belajar_ci\\public\\index.php')
CRITICAL - 2026-06-09 03:15:41 --> CodeIgniter\Database\Exceptions\DatabaseException: Unknown column 'product.deleted_at' in 'where clause'
[Method: GET, Route: /]
in SYSTEMPATH\Database\BaseConnection.php on line 865.
 1 SYSTEMPATH\Database\BaseBuilder.php(1649): CodeIgniter\Database\BaseConnection->query('SELECT *
FROM `product`
WHERE `product`.`deleted_at` IS NULL', [], false)
 2 SYSTEMPATH\Model.php(253): CodeIgniter\Database\BaseBuilder->get()
 3 SYSTEMPATH\BaseModel.php(676): CodeIgniter\Model->doFindAll(0, 0)
 4 APPPATH\Controllers\Home.php(17): CodeIgniter\BaseModel->findAll()
 5 SYSTEMPATH\CodeIgniter.php(951): App\Controllers\Home->index()
 6 SYSTEMPATH\CodeIgniter.php(497): CodeIgniter\CodeIgniter->runController(Object(App\Controllers\Home))
 7 SYSTEMPATH\CodeIgniter.php(340): CodeIgniter\CodeIgniter->handleRequest(null, Object(Config\Cache), false)
 8 SYSTEMPATH\Boot.php(417): CodeIgniter\CodeIgniter->run()
 9 SYSTEMPATH\Boot.php(68): CodeIgniter\Boot::runCodeIgniter(Object(CodeIgniter\CodeIgniter))
10 FCPATH\index.php(59): CodeIgniter\Boot::bootWeb(Object(Config\Paths))
11 SYSTEMPATH\rewrite.php(44): require_once('C:\\xampp\\htdocs\\belajar_ci\\public\\index.php')
CRITICAL - 2026-06-09 03:15:41 --> [Caused by] CodeIgniter\Database\Exceptions\DatabaseException: Unknown column 'product.deleted_at' in 'where clause'
in SYSTEMPATH\Database\MySQLi\Connection.php on line 310.
 1 SYSTEMPATH\Database\BaseConnection.php(910): CodeIgniter\Database\MySQLi\Connection->execute('SELECT *
FROM `product`
WHERE `product`.`deleted_at` IS NULL')
 2 SYSTEMPATH\Database\BaseConnection.php(827): CodeIgniter\Database\BaseConnection->simpleQuery('SELECT *
FROM `product`
WHERE `product`.`deleted_at` IS NULL')
 3 SYSTEMPATH\Database\BaseBuilder.php(1649): CodeIgniter\Database\BaseConnection->query('SELECT *
FROM `product`
WHERE `product`.`deleted_at` IS NULL', [], false)
 4 SYSTEMPATH\Model.php(253): CodeIgniter\Database\BaseBuilder->get()
 5 SYSTEMPATH\BaseModel.php(676): CodeIgniter\Model->doFindAll(0, 0)
 6 APPPATH\Controllers\Home.php(17): CodeIgniter\BaseModel->findAll()
 7 SYSTEMPATH\CodeIgniter.php(951): App\Controllers\Home->index()
 8 SYSTEMPATH\CodeIgniter.php(497): CodeIgniter\CodeIgniter->runController(Object(App\Controllers\Home))
 9 SYSTEMPATH\CodeIgniter.php(340): CodeIgniter\CodeIgniter->handleRequest(null, Object(Config\Cache), false)
10 SYSTEMPATH\Boot.php(417): CodeIgniter\CodeIgniter->run()
11 SYSTEMPATH\Boot.php(68): CodeIgniter\Boot::runCodeIgniter(Object(CodeIgniter\CodeIgniter))
12 FCPATH\index.php(59): CodeIgniter\Boot::bootWeb(Object(Config\Paths))
13 SYSTEMPATH\rewrite.php(44): require_once('C:\\xampp\\htdocs\\belajar_ci\\public\\index.php')
CRITICAL - 2026-06-09 03:15:41 --> [Caused by] mysqli_sql_exception: Unknown column 'product.deleted_at' in 'where clause'
in SYSTEMPATH\Database\MySQLi\Connection.php on line 300.
 1 SYSTEMPATH\Database\MySQLi\Connection.php(300): mysqli->query('SELECT *
FROM `product`
WHERE `product`.`deleted_at` IS NULL', 0)
 2 SYSTEMPATH\Database\BaseConnection.php(910): CodeIgniter\Database\MySQLi\Connection->execute('SELECT *
FROM `product`
WHERE `product`.`deleted_at` IS NULL')
 3 SYSTEMPATH\Database\BaseConnection.php(827): CodeIgniter\Database\BaseConnection->simpleQuery('SELECT *
FROM `product`
WHERE `product`.`deleted_at` IS NULL')
 4 SYSTEMPATH\Database\BaseBuilder.php(1649): CodeIgniter\Database\BaseConnection->query('SELECT *
FROM `product`
WHERE `product`.`deleted_at` IS NULL', [], false)
 5 SYSTEMPATH\Model.php(253): CodeIgniter\Database\BaseBuilder->get()
 6 SYSTEMPATH\BaseModel.php(676): CodeIgniter\Model->doFindAll(0, 0)
 7 APPPATH\Controllers\Home.php(17): CodeIgniter\BaseModel->findAll()
 8 SYSTEMPATH\CodeIgniter.php(951): App\Controllers\Home->index()
 9 SYSTEMPATH\CodeIgniter.php(497): CodeIgniter\CodeIgniter->runController(Object(App\Controllers\Home))
10 SYSTEMPATH\CodeIgniter.php(340): CodeIgniter\CodeIgniter->handleRequest(null, Object(Config\Cache), false)
11 SYSTEMPATH\Boot.php(417): CodeIgniter\CodeIgniter->run()
12 SYSTEMPATH\Boot.php(68): CodeIgniter\Boot::runCodeIgniter(Object(CodeIgniter\CodeIgniter))
13 FCPATH\index.php(59): CodeIgniter\Boot::bootWeb(Object(Config\Paths))
14 SYSTEMPATH\rewrite.php(44): require_once('C:\\xampp\\htdocs\\belajar_ci\\public\\index.php')
ERROR - 2026-06-09 03:15:56 --> Unknown column 'product.deleted_at' in 'where clause'
in SYSTEMPATH\Database\MySQLi\Connection.php on line 300.
 1 SYSTEMPATH\Database\MySQLi\Connection.php(300): mysqli->query('SELECT *
FROM `product`
WHERE `product`.`deleted_at` IS NULL', 0)
 2 SYSTEMPATH\Database\BaseConnection.php(910): CodeIgniter\Database\MySQLi\Connection->execute('SELECT *
FROM `product`
WHERE `product`.`deleted_at` IS NULL')
 3 SYSTEMPATH\Database\BaseConnection.php(827): CodeIgniter\Database\BaseConnection->simpleQuery('SELECT *
FROM `product`
WHERE `product`.`deleted_at` IS NULL')
 4 SYSTEMPATH\Database\BaseBuilder.php(1649): CodeIgniter\Database\BaseConnection->query('SELECT *
FROM `product`
WHERE `product`.`deleted_at` IS NULL', [], false)
 5 SYSTEMPATH\Model.php(253): CodeIgniter\Database\BaseBuilder->get()
 6 SYSTEMPATH\BaseModel.php(676): CodeIgniter\Model->doFindAll(0, 0)
 7 APPPATH\Controllers\Home.php(17): CodeIgniter\BaseModel->findAll()
 8 SYSTEMPATH\CodeIgniter.php(951): App\Controllers\Home->index()
 9 SYSTEMPATH\CodeIgniter.php(497): CodeIgniter\CodeIgniter->runController(Object(App\Controllers\Home))
10 SYSTEMPATH\CodeIgniter.php(340): CodeIgniter\CodeIgniter->handleRequest(null, Object(Config\Cache), false)
11 SYSTEMPATH\Boot.php(417): CodeIgniter\CodeIgniter->run()
12 SYSTEMPATH\Boot.php(68): CodeIgniter\Boot::runCodeIgniter(Object(CodeIgniter\CodeIgniter))
13 FCPATH\index.php(59): CodeIgniter\Boot::bootWeb(Object(Config\Paths))
14 SYSTEMPATH\rewrite.php(44): require_once('C:\\xampp\\htdocs\\belajar_ci\\public\\index.php')
CRITICAL - 2026-06-09 03:15:56 --> CodeIgniter\Database\Exceptions\DatabaseException: Unknown column 'product.deleted_at' in 'where clause'
[Method: GET, Route: /]
in SYSTEMPATH\Database\BaseConnection.php on line 865.
 1 SYSTEMPATH\Database\BaseBuilder.php(1649): CodeIgniter\Database\BaseConnection->query('SELECT *
FROM `product`
WHERE `product`.`deleted_at` IS NULL', [], false)
 2 SYSTEMPATH\Model.php(253): CodeIgniter\Database\BaseBuilder->get()
 3 SYSTEMPATH\BaseModel.php(676): CodeIgniter\Model->doFindAll(0, 0)
 4 APPPATH\Controllers\Home.php(17): CodeIgniter\BaseModel->findAll()
 5 SYSTEMPATH\CodeIgniter.php(951): App\Controllers\Home->index()
 6 SYSTEMPATH\CodeIgniter.php(497): CodeIgniter\CodeIgniter->runController(Object(App\Controllers\Home))
 7 SYSTEMPATH\CodeIgniter.php(340): CodeIgniter\CodeIgniter->handleRequest(null, Object(Config\Cache), false)
 8 SYSTEMPATH\Boot.php(417): CodeIgniter\CodeIgniter->run()
 9 SYSTEMPATH\Boot.php(68): CodeIgniter\Boot::runCodeIgniter(Object(CodeIgniter\CodeIgniter))
10 FCPATH\index.php(59): CodeIgniter\Boot::bootWeb(Object(Config\Paths))
11 SYSTEMPATH\rewrite.php(44): require_once('C:\\xampp\\htdocs\\belajar_ci\\public\\index.php')
CRITICAL - 2026-06-09 03:15:56 --> [Caused by] CodeIgniter\Database\Exceptions\DatabaseException: Unknown column 'product.deleted_at' in 'where clause'
in SYSTEMPATH\Database\MySQLi\Connection.php on line 310.
 1 SYSTEMPATH\Database\BaseConnection.php(910): CodeIgniter\Database\MySQLi\Connection->execute('SELECT *
FROM `product`
WHERE `product`.`deleted_at` IS NULL')
 2 SYSTEMPATH\Database\BaseConnection.php(827): CodeIgniter\Database\BaseConnection->simpleQuery('SELECT *
FROM `product`
WHERE `product`.`deleted_at` IS NULL')
 3 SYSTEMPATH\Database\BaseBuilder.php(1649): CodeIgniter\Database\BaseConnection->query('SELECT *
FROM `product`
WHERE `product`.`deleted_at` IS NULL', [], false)
 4 SYSTEMPATH\Model.php(253): CodeIgniter\Database\BaseBuilder->get()
 5 SYSTEMPATH\BaseModel.php(676): CodeIgniter\Model->doFindAll(0, 0)
 6 APPPATH\Controllers\Home.php(17): CodeIgniter\BaseModel->findAll()
 7 SYSTEMPATH\CodeIgniter.php(951): App\Controllers\Home->index()
 8 SYSTEMPATH\CodeIgniter.php(497): CodeIgniter\CodeIgniter->runController(Object(App\Controllers\Home))
 9 SYSTEMPATH\CodeIgniter.php(340): CodeIgniter\CodeIgniter->handleRequest(null, Object(Config\Cache), false)
10 SYSTEMPATH\Boot.php(417): CodeIgniter\CodeIgniter->run()
11 SYSTEMPATH\Boot.php(68): CodeIgniter\Boot::runCodeIgniter(Object(CodeIgniter\CodeIgniter))
12 FCPATH\index.php(59): CodeIgniter\Boot::bootWeb(Object(Config\Paths))
13 SYSTEMPATH\rewrite.php(44): require_once('C:\\xampp\\htdocs\\belajar_ci\\public\\index.php')
CRITICAL - 2026-06-09 03:15:56 --> [Caused by] mysqli_sql_exception: Unknown column 'product.deleted_at' in 'where clause'
in SYSTEMPATH\Database\MySQLi\Connection.php on line 300.
 1 SYSTEMPATH\Database\MySQLi\Connection.php(300): mysqli->query('SELECT *
FROM `product`
WHERE `product`.`deleted_at` IS NULL', 0)
 2 SYSTEMPATH\Database\BaseConnection.php(910): CodeIgniter\Database\MySQLi\Connection->execute('SELECT *
FROM `product`
WHERE `product`.`deleted_at` IS NULL')
 3 SYSTEMPATH\Database\BaseConnection.php(827): CodeIgniter\Database\BaseConnection->simpleQuery('SELECT *
FROM `product`
WHERE `product`.`deleted_at` IS NULL')
 4 SYSTEMPATH\Database\BaseBuilder.php(1649): CodeIgniter\Database\BaseConnection->query('SELECT *
FROM `product`
WHERE `product`.`deleted_at` IS NULL', [], false)
 5 SYSTEMPATH\Model.php(253): CodeIgniter\Database\BaseBuilder->get()
 6 SYSTEMPATH\BaseModel.php(676): CodeIgniter\Model->doFindAll(0, 0)
 7 APPPATH\Controllers\Home.php(17): CodeIgniter\BaseModel->findAll()
 8 SYSTEMPATH\CodeIgniter.php(951): App\Controllers\Home->index()
 9 SYSTEMPATH\CodeIgniter.php(497): CodeIgniter\CodeIgniter->runController(Object(App\Controllers\Home))
10 SYSTEMPATH\CodeIgniter.php(340): CodeIgniter\CodeIgniter->handleRequest(null, Object(Config\Cache), false)
11 SYSTEMPATH\Boot.php(417): CodeIgniter\CodeIgniter->run()
12 SYSTEMPATH\Boot.php(68): CodeIgniter\Boot::runCodeIgniter(Object(CodeIgniter\CodeIgniter))
13 FCPATH\index.php(59): CodeIgniter\Boot::bootWeb(Object(Config\Paths))
14 SYSTEMPATH\rewrite.php(44): require_once('C:\\xampp\\htdocs\\belajar_ci\\public\\index.php')
DEBUG - 2026-06-09 03:19:46 --> Session: Class initialized using 'CodeIgniter\Session\Handlers\FileHandler' driver.
DEBUG - 2026-06-09 03:19:59 --> Session: Class initialized using 'CodeIgniter\Session\Handlers\FileHandler' driver.
DEBUG - 2026-06-09 03:20:04 --> Session: Class initialized using 'CodeIgniter\Session\Handlers\FileHandler' driver.
DEBUG - 2026-06-09 03:20:04 --> Session: Class initialized using 'CodeIgniter\Session\Handlers\FileHandler' driver.
DEBUG - 2026-06-09 03:20:07 --> Session: Class initialized using 'CodeIgniter\Session\Handlers\FileHandler' driver.
DEBUG - 2026-06-09 03:20:07 --> Session: Class initialized using 'CodeIgniter\Session\Handlers\FileHandler' driver.
WARNING - 2026-06-09 03:29:34 --> [DEPRECATED] Since fakerphp/faker 1.14: Accessing property "userName" is deprecated, use "userName()" instead. in VENDORPATH\symfony\deprecation-contracts\function.php on line 25.
 1 VENDORPATH\symfony\deprecation-contracts\function.php(25): trigger_error('Since fakerphp/faker 1.14: Accessing property "userName" is deprecated, use "userName()" instead.', 16384)
 2 VENDORPATH\fakerphp\faker\src\Faker\Generator.php(962): trigger_deprecation('fakerphp/faker', '1.14', 'Accessing property "%s" is deprecated, use "%s()" instead.', 'userName', 'userName')
 3 APPPATH\Database\Seeds\UserSeeder.php(15): Faker\Generator->__get('userName')
 4 SYSTEMPATH\Database\Seeder.php(155): App\Database\Seeds\UserSeeder->run()
 5 SYSTEMPATH\Commands\Database\Seed.php(79): CodeIgniter\Database\Seeder->call('App\\Database\\Seeds\\UserSeeder')
 6 SYSTEMPATH\CLI\Commands.php(74): CodeIgniter\Commands\Database\Seed->run([])
 7 SYSTEMPATH\CLI\Console.php(47): CodeIgniter\CLI\Commands->run('db:seed', [...])
 8 SYSTEMPATH\Boot.php(442): CodeIgniter\CLI\Console->run()
 9 SYSTEMPATH\Boot.php(166): CodeIgniter\Boot::runCommand(Object(CodeIgniter\CLI\Console))
10 ROOTPATH\spark(87): CodeIgniter\Boot::bootSpark(Object(Config\Paths))
WARNING - 2026-06-09 03:29:34 --> [DEPRECATED] Since fakerphp/faker 1.14: Accessing property "email" is deprecated, use "email()" instead. in VENDORPATH\symfony\deprecation-contracts\function.php on line 25.
 1 VENDORPATH\symfony\deprecation-contracts\function.php(25): trigger_error('Since fakerphp/faker 1.14: Accessing property "email" is deprecated, use "email()" instead.', 16384)
 2 VENDORPATH\fakerphp\faker\src\Faker\Generator.php(962): trigger_deprecation('fakerphp/faker', '1.14', 'Accessing property "%s" is deprecated, use "%s()" instead.', 'email', 'email')
 3 APPPATH\Database\Seeds\UserSeeder.php(16): Faker\Generator->__get('email')
 4 SYSTEMPATH\Database\Seeder.php(155): App\Database\Seeds\UserSeeder->run()
 5 SYSTEMPATH\Commands\Database\Seed.php(79): CodeIgniter\Database\Seeder->call('App\\Database\\Seeds\\UserSeeder')
 6 SYSTEMPATH\CLI\Commands.php(74): CodeIgniter\Commands\Database\Seed->run([])
 7 SYSTEMPATH\CLI\Console.php(47): CodeIgniter\CLI\Commands->run('db:seed', [...])
 8 SYSTEMPATH\Boot.php(442): CodeIgniter\CLI\Console->run()
 9 SYSTEMPATH\Boot.php(166): CodeIgniter\Boot::runCommand(Object(CodeIgniter\CLI\Console))
10 ROOTPATH\spark(87): CodeIgniter\Boot::bootSpark(Object(Config\Paths))
WARNING - 2026-06-09 03:29:34 --> [DEPRECATED] Since fakerphp/faker 1.14: Accessing property "userName" is deprecated, use "userName()" instead. in VENDORPATH\symfony\deprecation-contracts\function.php on line 25.
 1 VENDORPATH\symfony\deprecation-contracts\function.php(25): trigger_error('Since fakerphp/faker 1.14: Accessing property "userName" is deprecated, use "userName()" instead.', 16384)
 2 VENDORPATH\fakerphp\faker\src\Faker\Generator.php(962): trigger_deprecation('fakerphp/faker', '1.14', 'Accessing property "%s" is deprecated, use "%s()" instead.', 'userName', 'userName')
 3 APPPATH\Database\Seeds\UserSeeder.php(15): Faker\Generator->__get('userName')
 4 SYSTEMPATH\Database\Seeder.php(155): App\Database\Seeds\UserSeeder->run()
 5 SYSTEMPATH\Commands\Database\Seed.php(79): CodeIgniter\Database\Seeder->call('App\\Database\\Seeds\\UserSeeder')
 6 SYSTEMPATH\CLI\Commands.php(74): CodeIgniter\Commands\Database\Seed->run([])
 7 SYSTEMPATH\CLI\Console.php(47): CodeIgniter\CLI\Commands->run('db:seed', [...])
 8 SYSTEMPATH\Boot.php(442): CodeIgniter\CLI\Console->run()
 9 SYSTEMPATH\Boot.php(166): CodeIgniter\Boot::runCommand(Object(CodeIgniter\CLI\Console))
10 ROOTPATH\spark(87): CodeIgniter\Boot::bootSpark(Object(Config\Paths))
WARNING - 2026-06-09 03:29:34 --> [DEPRECATED] Since fakerphp/faker 1.14: Accessing property "email" is deprecated, use "email()" instead. in VENDORPATH\symfony\deprecation-contracts\function.php on line 25.
 1 VENDORPATH\symfony\deprecation-contracts\function.php(25): trigger_error('Since fakerphp/faker 1.14: Accessing property "email" is deprecated, use "email()" instead.', 16384)
 2 VENDORPATH\fakerphp\faker\src\Faker\Generator.php(962): trigger_deprecation('fakerphp/faker', '1.14', 'Accessing property "%s" is deprecated, use "%s()" instead.', 'email', 'email')
 3 APPPATH\Database\Seeds\UserSeeder.php(16): Faker\Generator->__get('email')
 4 SYSTEMPATH\Database\Seeder.php(155): App\Database\Seeds\UserSeeder->run()
 5 SYSTEMPATH\Commands\Database\Seed.php(79): CodeIgniter\Database\Seeder->call('App\\Database\\Seeds\\UserSeeder')
 6 SYSTEMPATH\CLI\Commands.php(74): CodeIgniter\Commands\Database\Seed->run([])
 7 SYSTEMPATH\CLI\Console.php(47): CodeIgniter\CLI\Commands->run('db:seed', [...])
 8 SYSTEMPATH\Boot.php(442): CodeIgniter\CLI\Console->run()
 9 SYSTEMPATH\Boot.php(166): CodeIgniter\Boot::runCommand(Object(CodeIgniter\CLI\Console))
10 ROOTPATH\spark(87): CodeIgniter\Boot::bootSpark(Object(Config\Paths))
WARNING - 2026-06-09 03:29:34 --> [DEPRECATED] Since fakerphp/faker 1.14: Accessing property "userName" is deprecated, use "userName()" instead. in VENDORPATH\symfony\deprecation-contracts\function.php on line 25.
 1 VENDORPATH\symfony\deprecation-contracts\function.php(25): trigger_error('Since fakerphp/faker 1.14: Accessing property "userName" is deprecated, use "userName()" instead.', 16384)
 2 VENDORPATH\fakerphp\faker\src\Faker\Generator.php(962): trigger_deprecation('fakerphp/faker', '1.14', 'Accessing property "%s" is deprecated, use "%s()" instead.', 'userName', 'userName')
 3 APPPATH\Database\Seeds\UserSeeder.php(15): Faker\Generator->__get('userName')
 4 SYSTEMPATH\Database\Seeder.php(155): App\Database\Seeds\UserSeeder->run()
 5 SYSTEMPATH\Commands\Database\Seed.php(79): CodeIgniter\Database\Seeder->call('App\\Database\\Seeds\\UserSeeder')
 6 SYSTEMPATH\CLI\Commands.php(74): CodeIgniter\Commands\Database\Seed->run([])
 7 SYSTEMPATH\CLI\Console.php(47): CodeIgniter\CLI\Commands->run('db:seed', [...])
 8 SYSTEMPATH\Boot.php(442): CodeIgniter\CLI\Console->run()
 9 SYSTEMPATH\Boot.php(166): CodeIgniter\Boot::runCommand(Object(CodeIgniter\CLI\Console))
10 ROOTPATH\spark(87): CodeIgniter\Boot::bootSpark(Object(Config\Paths))
WARNING - 2026-06-09 03:29:34 --> [DEPRECATED] Since fakerphp/faker 1.14: Accessing property "email" is deprecated, use "email()" instead. in VENDORPATH\symfony\deprecation-contracts\function.php on line 25.
 1 VENDORPATH\symfony\deprecation-contracts\function.php(25): trigger_error('Since fakerphp/faker 1.14: Accessing property "email" is deprecated, use "email()" instead.', 16384)
 2 VENDORPATH\fakerphp\faker\src\Faker\Generator.php(962): trigger_deprecation('fakerphp/faker', '1.14', 'Accessing property "%s" is deprecated, use "%s()" instead.', 'email', 'email')
 3 APPPATH\Database\Seeds\UserSeeder.php(16): Faker\Generator->__get('email')
 4 SYSTEMPATH\Database\Seeder.php(155): App\Database\Seeds\UserSeeder->run()
 5 SYSTEMPATH\Commands\Database\Seed.php(79): CodeIgniter\Database\Seeder->call('App\\Database\\Seeds\\UserSeeder')
 6 SYSTEMPATH\CLI\Commands.php(74): CodeIgniter\Commands\Database\Seed->run([])
 7 SYSTEMPATH\CLI\Console.php(47): CodeIgniter\CLI\Commands->run('db:seed', [...])
 8 SYSTEMPATH\Boot.php(442): CodeIgniter\CLI\Console->run()
 9 SYSTEMPATH\Boot.php(166): CodeIgniter\Boot::runCommand(Object(CodeIgniter\CLI\Console))
10 ROOTPATH\spark(87): CodeIgniter\Boot::bootSpark(Object(Config\Paths))
WARNING - 2026-06-09 03:29:34 --> [DEPRECATED] Since fakerphp/faker 1.14: Accessing property "userName" is deprecated, use "userName()" instead. in VENDORPATH\symfony\deprecation-contracts\function.php on line 25.
 1 VENDORPATH\symfony\deprecation-contracts\function.php(25): trigger_error('Since fakerphp/faker 1.14: Accessing property "userName" is deprecated, use "userName()" instead.', 16384)
 2 VENDORPATH\fakerphp\faker\src\Faker\Generator.php(962): trigger_deprecation('fakerphp/faker', '1.14', 'Accessing property "%s" is deprecated, use "%s()" instead.', 'userName', 'userName')
 3 APPPATH\Database\Seeds\UserSeeder.php(15): Faker\Generator->__get('userName')
 4 SYSTEMPATH\Database\Seeder.php(155): App\Database\Seeds\UserSeeder->run()
 5 SYSTEMPATH\Commands\Database\Seed.php(79): CodeIgniter\Database\Seeder->call('App\\Database\\Seeds\\UserSeeder')
 6 SYSTEMPATH\CLI\Commands.php(74): CodeIgniter\Commands\Database\Seed->run([])
 7 SYSTEMPATH\CLI\Console.php(47): CodeIgniter\CLI\Commands->run('db:seed', [...])
 8 SYSTEMPATH\Boot.php(442): CodeIgniter\CLI\Console->run()
 9 SYSTEMPATH\Boot.php(166): CodeIgniter\Boot::runCommand(Object(CodeIgniter\CLI\Console))
10 ROOTPATH\spark(87): CodeIgniter\Boot::bootSpark(Object(Config\Paths))
WARNING - 2026-06-09 03:29:34 --> [DEPRECATED] Since fakerphp/faker 1.14: Accessing property "email" is deprecated, use "email()" instead. in VENDORPATH\symfony\deprecation-contracts\function.php on line 25.
 1 VENDORPATH\symfony\deprecation-contracts\function.php(25): trigger_error('Since fakerphp/faker 1.14: Accessing property "email" is deprecated, use "email()" instead.', 16384)
 2 VENDORPATH\fakerphp\faker\src\Faker\Generator.php(962): trigger_deprecation('fakerphp/faker', '1.14', 'Accessing property "%s" is deprecated, use "%s()" instead.', 'email', 'email')
 3 APPPATH\Database\Seeds\UserSeeder.php(16): Faker\Generator->__get('email')
 4 SYSTEMPATH\Database\Seeder.php(155): App\Database\Seeds\UserSeeder->run()
 5 SYSTEMPATH\Commands\Database\Seed.php(79): CodeIgniter\Database\Seeder->call('App\\Database\\Seeds\\UserSeeder')
 6 SYSTEMPATH\CLI\Commands.php(74): CodeIgniter\Commands\Database\Seed->run([])
 7 SYSTEMPATH\CLI\Console.php(47): CodeIgniter\CLI\Commands->run('db:seed', [...])
 8 SYSTEMPATH\Boot.php(442): CodeIgniter\CLI\Console->run()
 9 SYSTEMPATH\Boot.php(166): CodeIgniter\Boot::runCommand(Object(CodeIgniter\CLI\Console))
10 ROOTPATH\spark(87): CodeIgniter\Boot::bootSpark(Object(Config\Paths))
WARNING - 2026-06-09 03:29:34 --> [DEPRECATED] Since fakerphp/faker 1.14: Accessing property "userName" is deprecated, use "userName()" instead. in VENDORPATH\symfony\deprecation-contracts\function.php on line 25.
 1 VENDORPATH\symfony\deprecation-contracts\function.php(25): trigger_error('Since fakerphp/faker 1.14: Accessing property "userName" is deprecated, use "userName()" instead.', 16384)
 2 VENDORPATH\fakerphp\faker\src\Faker\Generator.php(962): trigger_deprecation('fakerphp/faker', '1.14', 'Accessing property "%s" is deprecated, use "%s()" instead.', 'userName', 'userName')
 3 APPPATH\Database\Seeds\UserSeeder.php(15): Faker\Generator->__get('userName')
 4 SYSTEMPATH\Database\Seeder.php(155): App\Database\Seeds\UserSeeder->run()
 5 SYSTEMPATH\Commands\Database\Seed.php(79): CodeIgniter\Database\Seeder->call('App\\Database\\Seeds\\UserSeeder')
 6 SYSTEMPATH\CLI\Commands.php(74): CodeIgniter\Commands\Database\Seed->run([])
 7 SYSTEMPATH\CLI\Console.php(47): CodeIgniter\CLI\Commands->run('db:seed', [...])
 8 SYSTEMPATH\Boot.php(442): CodeIgniter\CLI\Console->run()
 9 SYSTEMPATH\Boot.php(166): CodeIgniter\Boot::runCommand(Object(CodeIgniter\CLI\Console))
10 ROOTPATH\spark(87): CodeIgniter\Boot::bootSpark(Object(Config\Paths))
WARNING - 2026-06-09 03:29:34 --> [DEPRECATED] Since fakerphp/faker 1.14: Accessing property "email" is deprecated, use "email()" instead. in VENDORPATH\symfony\deprecation-contracts\function.php on line 25.
 1 VENDORPATH\symfony\deprecation-contracts\function.php(25): trigger_error('Since fakerphp/faker 1.14: Accessing property "email" is deprecated, use "email()" instead.', 16384)
 2 VENDORPATH\fakerphp\faker\src\Faker\Generator.php(962): trigger_deprecation('fakerphp/faker', '1.14', 'Accessing property "%s" is deprecated, use "%s()" instead.', 'email', 'email')
 3 APPPATH\Database\Seeds\UserSeeder.php(16): Faker\Generator->__get('email')
 4 SYSTEMPATH\Database\Seeder.php(155): App\Database\Seeds\UserSeeder->run()
 5 SYSTEMPATH\Commands\Database\Seed.php(79): CodeIgniter\Database\Seeder->call('App\\Database\\Seeds\\UserSeeder')
 6 SYSTEMPATH\CLI\Commands.php(74): CodeIgniter\Commands\Database\Seed->run([])
 7 SYSTEMPATH\CLI\Console.php(47): CodeIgniter\CLI\Commands->run('db:seed', [...])
 8 SYSTEMPATH\Boot.php(442): CodeIgniter\CLI\Console->run()
 9 SYSTEMPATH\Boot.php(166): CodeIgniter\Boot::runCommand(Object(CodeIgniter\CLI\Console))
10 ROOTPATH\spark(87): CodeIgniter\Boot::bootSpark(Object(Config\Paths))
WARNING - 2026-06-09 03:29:34 --> [DEPRECATED] Since fakerphp/faker 1.14: Accessing property "userName" is deprecated, use "userName()" instead. in VENDORPATH\symfony\deprecation-contracts\function.php on line 25.
 1 VENDORPATH\symfony\deprecation-contracts\function.php(25): trigger_error('Since fakerphp/faker 1.14: Accessing property "userName" is deprecated, use "userName()" instead.', 16384)
 2 VENDORPATH\fakerphp\faker\src\Faker\Generator.php(962): trigger_deprecation('fakerphp/faker', '1.14', 'Accessing property "%s" is deprecated, use "%s()" instead.', 'userName', 'userName')
 3 APPPATH\Database\Seeds\UserSeeder.php(15): Faker\Generator->__get('userName')
 4 SYSTEMPATH\Database\Seeder.php(155): App\Database\Seeds\UserSeeder->run()
 5 SYSTEMPATH\Commands\Database\Seed.php(79): CodeIgniter\Database\Seeder->call('App\\Database\\Seeds\\UserSeeder')
 6 SYSTEMPATH\CLI\Commands.php(74): CodeIgniter\Commands\Database\Seed->run([])
 7 SYSTEMPATH\CLI\Console.php(47): CodeIgniter\CLI\Commands->run('db:seed', [...])
 8 SYSTEMPATH\Boot.php(442): CodeIgniter\CLI\Console->run()
 9 SYSTEMPATH\Boot.php(166): CodeIgniter\Boot::runCommand(Object(CodeIgniter\CLI\Console))
10 ROOTPATH\spark(87): CodeIgniter\Boot::bootSpark(Object(Config\Paths))
WARNING - 2026-06-09 03:29:34 --> [DEPRECATED] Since fakerphp/faker 1.14: Accessing property "email" is deprecated, use "email()" instead. in VENDORPATH\symfony\deprecation-contracts\function.php on line 25.
 1 VENDORPATH\symfony\deprecation-contracts\function.php(25): trigger_error('Since fakerphp/faker 1.14: Accessing property "email" is deprecated, use "email()" instead.', 16384)
 2 VENDORPATH\fakerphp\faker\src\Faker\Generator.php(962): trigger_deprecation('fakerphp/faker', '1.14', 'Accessing property "%s" is deprecated, use "%s()" instead.', 'email', 'email')
 3 APPPATH\Database\Seeds\UserSeeder.php(16): Faker\Generator->__get('email')
 4 SYSTEMPATH\Database\Seeder.php(155): App\Database\Seeds\UserSeeder->run()
 5 SYSTEMPATH\Commands\Database\Seed.php(79): CodeIgniter\Database\Seeder->call('App\\Database\\Seeds\\UserSeeder')
 6 SYSTEMPATH\CLI\Commands.php(74): CodeIgniter\Commands\Database\Seed->run([])
 7 SYSTEMPATH\CLI\Console.php(47): CodeIgniter\CLI\Commands->run('db:seed', [...])
 8 SYSTEMPATH\Boot.php(442): CodeIgniter\CLI\Console->run()
 9 SYSTEMPATH\Boot.php(166): CodeIgniter\Boot::runCommand(Object(CodeIgniter\CLI\Console))
10 ROOTPATH\spark(87): CodeIgniter\Boot::bootSpark(Object(Config\Paths))
WARNING - 2026-06-09 03:29:34 --> [DEPRECATED] Since fakerphp/faker 1.14: Accessing property "userName" is deprecated, use "userName()" instead. in VENDORPATH\symfony\deprecation-contracts\function.php on line 25.
 1 VENDORPATH\symfony\deprecation-contracts\function.php(25): trigger_error('Since fakerphp/faker 1.14: Accessing property "userName" is deprecated, use "userName()" instead.', 16384)
 2 VENDORPATH\fakerphp\faker\src\Faker\Generator.php(962): trigger_deprecation('fakerphp/faker', '1.14', 'Accessing property "%s" is deprecated, use "%s()" instead.', 'userName', 'userName')
 3 APPPATH\Database\Seeds\UserSeeder.php(15): Faker\Generator->__get('userName')
 4 SYSTEMPATH\Database\Seeder.php(155): App\Database\Seeds\UserSeeder->run()
 5 SYSTEMPATH\Commands\Database\Seed.php(79): CodeIgniter\Database\Seeder->call('App\\Database\\Seeds\\UserSeeder')
 6 SYSTEMPATH\CLI\Commands.php(74): CodeIgniter\Commands\Database\Seed->run([])
 7 SYSTEMPATH\CLI\Console.php(47): CodeIgniter\CLI\Commands->run('db:seed', [...])
 8 SYSTEMPATH\Boot.php(442): CodeIgniter\CLI\Console->run()
 9 SYSTEMPATH\Boot.php(166): CodeIgniter\Boot::runCommand(Object(CodeIgniter\CLI\Console))
10 ROOTPATH\spark(87): CodeIgniter\Boot::bootSpark(Object(Config\Paths))
WARNING - 2026-06-09 03:29:34 --> [DEPRECATED] Since fakerphp/faker 1.14: Accessing property "email" is deprecated, use "email()" instead. in VENDORPATH\symfony\deprecation-contracts\function.php on line 25.
 1 VENDORPATH\symfony\deprecation-contracts\function.php(25): trigger_error('Since fakerphp/faker 1.14: Accessing property "email" is deprecated, use "email()" instead.', 16384)
 2 VENDORPATH\fakerphp\faker\src\Faker\Generator.php(962): trigger_deprecation('fakerphp/faker', '1.14', 'Accessing property "%s" is deprecated, use "%s()" instead.', 'email', 'email')
 3 APPPATH\Database\Seeds\UserSeeder.php(16): Faker\Generator->__get('email')
 4 SYSTEMPATH\Database\Seeder.php(155): App\Database\Seeds\UserSeeder->run()
 5 SYSTEMPATH\Commands\Database\Seed.php(79): CodeIgniter\Database\Seeder->call('App\\Database\\Seeds\\UserSeeder')
 6 SYSTEMPATH\CLI\Commands.php(74): CodeIgniter\Commands\Database\Seed->run([])
 7 SYSTEMPATH\CLI\Console.php(47): CodeIgniter\CLI\Commands->run('db:seed', [...])
 8 SYSTEMPATH\Boot.php(442): CodeIgniter\CLI\Console->run()
 9 SYSTEMPATH\Boot.php(166): CodeIgniter\Boot::runCommand(Object(CodeIgniter\CLI\Console))
10 ROOTPATH\spark(87): CodeIgniter\Boot::bootSpark(Object(Config\Paths))
WARNING - 2026-06-09 03:29:34 --> [DEPRECATED] Since fakerphp/faker 1.14: Accessing property "userName" is deprecated, use "userName()" instead. in VENDORPATH\symfony\deprecation-contracts\function.php on line 25.
 1 VENDORPATH\symfony\deprecation-contracts\function.php(25): trigger_error('Since fakerphp/faker 1.14: Accessing property "userName" is deprecated, use "userName()" instead.', 16384)
 2 VENDORPATH\fakerphp\faker\src\Faker\Generator.php(962): trigger_deprecation('fakerphp/faker', '1.14', 'Accessing property "%s" is deprecated, use "%s()" instead.', 'userName', 'userName')
 3 APPPATH\Database\Seeds\UserSeeder.php(15): Faker\Generator->__get('userName')
 4 SYSTEMPATH\Database\Seeder.php(155): App\Database\Seeds\UserSeeder->run()
 5 SYSTEMPATH\Commands\Database\Seed.php(79): CodeIgniter\Database\Seeder->call('App\\Database\\Seeds\\UserSeeder')
 6 SYSTEMPATH\CLI\Commands.php(74): CodeIgniter\Commands\Database\Seed->run([])
 7 SYSTEMPATH\CLI\Console.php(47): CodeIgniter\CLI\Commands->run('db:seed', [...])
 8 SYSTEMPATH\Boot.php(442): CodeIgniter\CLI\Console->run()
 9 SYSTEMPATH\Boot.php(166): CodeIgniter\Boot::runCommand(Object(CodeIgniter\CLI\Console))
10 ROOTPATH\spark(87): CodeIgniter\Boot::bootSpark(Object(Config\Paths))
WARNING - 2026-06-09 03:29:34 --> [DEPRECATED] Since fakerphp/faker 1.14: Accessing property "email" is deprecated, use "email()" instead. in VENDORPATH\symfony\deprecation-contracts\function.php on line 25.
 1 VENDORPATH\symfony\deprecation-contracts\function.php(25): trigger_error('Since fakerphp/faker 1.14: Accessing property "email" is deprecated, use "email()" instead.', 16384)
 2 VENDORPATH\fakerphp\faker\src\Faker\Generator.php(962): trigger_deprecation('fakerphp/faker', '1.14', 'Accessing property "%s" is deprecated, use "%s()" instead.', 'email', 'email')
 3 APPPATH\Database\Seeds\UserSeeder.php(16): Faker\Generator->__get('email')
 4 SYSTEMPATH\Database\Seeder.php(155): App\Database\Seeds\UserSeeder->run()
 5 SYSTEMPATH\Commands\Database\Seed.php(79): CodeIgniter\Database\Seeder->call('App\\Database\\Seeds\\UserSeeder')
 6 SYSTEMPATH\CLI\Commands.php(74): CodeIgniter\Commands\Database\Seed->run([])
 7 SYSTEMPATH\CLI\Console.php(47): CodeIgniter\CLI\Commands->run('db:seed', [...])
 8 SYSTEMPATH\Boot.php(442): CodeIgniter\CLI\Console->run()
 9 SYSTEMPATH\Boot.php(166): CodeIgniter\Boot::runCommand(Object(CodeIgniter\CLI\Console))
10 ROOTPATH\spark(87): CodeIgniter\Boot::bootSpark(Object(Config\Paths))
WARNING - 2026-06-09 03:29:34 --> [DEPRECATED] Since fakerphp/faker 1.14: Accessing property "userName" is deprecated, use "userName()" instead. in VENDORPATH\symfony\deprecation-contracts\function.php on line 25.
 1 VENDORPATH\symfony\deprecation-contracts\function.php(25): trigger_error('Since fakerphp/faker 1.14: Accessing property "userName" is deprecated, use "userName()" instead.', 16384)
 2 VENDORPATH\fakerphp\faker\src\Faker\Generator.php(962): trigger_deprecation('fakerphp/faker', '1.14', 'Accessing property "%s" is deprecated, use "%s()" instead.', 'userName', 'userName')
 3 APPPATH\Database\Seeds\UserSeeder.php(15): Faker\Generator->__get('userName')
 4 SYSTEMPATH\Database\Seeder.php(155): App\Database\Seeds\UserSeeder->run()
 5 SYSTEMPATH\Commands\Database\Seed.php(79): CodeIgniter\Database\Seeder->call('App\\Database\\Seeds\\UserSeeder')
 6 SYSTEMPATH\CLI\Commands.php(74): CodeIgniter\Commands\Database\Seed->run([])
 7 SYSTEMPATH\CLI\Console.php(47): CodeIgniter\CLI\Commands->run('db:seed', [...])
 8 SYSTEMPATH\Boot.php(442): CodeIgniter\CLI\Console->run()
 9 SYSTEMPATH\Boot.php(166): CodeIgniter\Boot::runCommand(Object(CodeIgniter\CLI\Console))
10 ROOTPATH\spark(87): CodeIgniter\Boot::bootSpark(Object(Config\Paths))
WARNING - 2026-06-09 03:29:34 --> [DEPRECATED] Since fakerphp/faker 1.14: Accessing property "email" is deprecated, use "email()" instead. in VENDORPATH\symfony\deprecation-contracts\function.php on line 25.
 1 VENDORPATH\symfony\deprecation-contracts\function.php(25): trigger_error('Since fakerphp/faker 1.14: Accessing property "email" is deprecated, use "email()" instead.', 16384)
 2 VENDORPATH\fakerphp\faker\src\Faker\Generator.php(962): trigger_deprecation('fakerphp/faker', '1.14', 'Accessing property "%s" is deprecated, use "%s()" instead.', 'email', 'email')
 3 APPPATH\Database\Seeds\UserSeeder.php(16): Faker\Generator->__get('email')
 4 SYSTEMPATH\Database\Seeder.php(155): App\Database\Seeds\UserSeeder->run()
 5 SYSTEMPATH\Commands\Database\Seed.php(79): CodeIgniter\Database\Seeder->call('App\\Database\\Seeds\\UserSeeder')
 6 SYSTEMPATH\CLI\Commands.php(74): CodeIgniter\Commands\Database\Seed->run([])
 7 SYSTEMPATH\CLI\Console.php(47): CodeIgniter\CLI\Commands->run('db:seed', [...])
 8 SYSTEMPATH\Boot.php(442): CodeIgniter\CLI\Console->run()
 9 SYSTEMPATH\Boot.php(166): CodeIgniter\Boot::runCommand(Object(CodeIgniter\CLI\Console))
10 ROOTPATH\spark(87): CodeIgniter\Boot::bootSpark(Object(Config\Paths))
WARNING - 2026-06-09 03:29:34 --> [DEPRECATED] Since fakerphp/faker 1.14: Accessing property "userName" is deprecated, use "userName()" instead. in VENDORPATH\symfony\deprecation-contracts\function.php on line 25.
 1 VENDORPATH\symfony\deprecation-contracts\function.php(25): trigger_error('Since fakerphp/faker 1.14: Accessing property "userName" is deprecated, use "userName()" instead.', 16384)
 2 VENDORPATH\fakerphp\faker\src\Faker\Generator.php(962): trigger_deprecation('fakerphp/faker', '1.14', 'Accessing property "%s" is deprecated, use "%s()" instead.', 'userName', 'userName')
 3 APPPATH\Database\Seeds\UserSeeder.php(15): Faker\Generator->__get('userName')
 4 SYSTEMPATH\Database\Seeder.php(155): App\Database\Seeds\UserSeeder->run()
 5 SYSTEMPATH\Commands\Database\Seed.php(79): CodeIgniter\Database\Seeder->call('App\\Database\\Seeds\\UserSeeder')
 6 SYSTEMPATH\CLI\Commands.php(74): CodeIgniter\Commands\Database\Seed->run([])
 7 SYSTEMPATH\CLI\Console.php(47): CodeIgniter\CLI\Commands->run('db:seed', [...])
 8 SYSTEMPATH\Boot.php(442): CodeIgniter\CLI\Console->run()
 9 SYSTEMPATH\Boot.php(166): CodeIgniter\Boot::runCommand(Object(CodeIgniter\CLI\Console))
10 ROOTPATH\spark(87): CodeIgniter\Boot::bootSpark(Object(Config\Paths))
WARNING - 2026-06-09 03:29:34 --> [DEPRECATED] Since fakerphp/faker 1.14: Accessing property "email" is deprecated, use "email()" instead. in VENDORPATH\symfony\deprecation-contracts\function.php on line 25.
 1 VENDORPATH\symfony\deprecation-contracts\function.php(25): trigger_error('Since fakerphp/faker 1.14: Accessing property "email" is deprecated, use "email()" instead.', 16384)
 2 VENDORPATH\fakerphp\faker\src\Faker\Generator.php(962): trigger_deprecation('fakerphp/faker', '1.14', 'Accessing property "%s" is deprecated, use "%s()" instead.', 'email', 'email')
 3 APPPATH\Database\Seeds\UserSeeder.php(16): Faker\Generator->__get('email')
 4 SYSTEMPATH\Database\Seeder.php(155): App\Database\Seeds\UserSeeder->run()
 5 SYSTEMPATH\Commands\Database\Seed.php(79): CodeIgniter\Database\Seeder->call('App\\Database\\Seeds\\UserSeeder')
 6 SYSTEMPATH\CLI\Commands.php(74): CodeIgniter\Commands\Database\Seed->run([])
 7 SYSTEMPATH\CLI\Console.php(47): CodeIgniter\CLI\Commands->run('db:seed', [...])
 8 SYSTEMPATH\Boot.php(442): CodeIgniter\CLI\Console->run()
 9 SYSTEMPATH\Boot.php(166): CodeIgniter\Boot::runCommand(Object(CodeIgniter\CLI\Console))
10 ROOTPATH\spark(87): CodeIgniter\Boot::bootSpark(Object(Config\Paths))
DEBUG - 2026-06-09 03:29:49 --> Session: Class initialized using 'CodeIgniter\Session\Handlers\FileHandler' driver.
DEBUG - 2026-06-09 03:29:52 --> Session: Class initialized using 'CodeIgniter\Session\Handlers\FileHandler' driver.
DEBUG - 2026-06-09 03:29:52 --> Session: Class initialized using 'CodeIgniter\Session\Handlers\FileHandler' driver.
ERROR - 2026-06-09 03:29:57 --> Unknown column 'user.deleted_at' in 'where clause'
in SYSTEMPATH\Database\MySQLi\Connection.php on line 300.
 1 SYSTEMPATH\Database\MySQLi\Connection.php(300): mysqli->query('SELECT *
FROM `user`
WHERE `username` = \'dhimas\'
AND `user`.`deleted_at` IS NULL
 LIMIT 1', 0)
 2 SYSTEMPATH\Database\BaseConnection.php(910): CodeIgniter\Database\MySQLi\Connection->execute('SELECT *
FROM `user`
WHERE `username` = \'dhimas\'
AND `user`.`deleted_at` IS NULL
 LIMIT 1')
 3 SYSTEMPATH\Database\BaseConnection.php(827): CodeIgniter\Database\BaseConnection->simpleQuery('SELECT *
FROM `user`
WHERE `username` = \'dhimas\'
AND `user`.`deleted_at` IS NULL
 LIMIT 1')
 4 SYSTEMPATH\Database\BaseBuilder.php(1649): CodeIgniter\Database\BaseConnection->query('SELECT *
FROM `user`
WHERE `username` = :username:
AND `user`.`deleted_at` IS NULL
 LIMIT 1', [...], false)
 5 SYSTEMPATH\Model.php(295): CodeIgniter\Database\BaseBuilder->get()
 6 SYSTEMPATH\BaseModel.php(714): CodeIgniter\Model->doFirst()
 7 APPPATH\Controllers\AuthController.php(30): CodeIgniter\BaseModel->first()
 8 SYSTEMPATH\CodeIgniter.php(951): App\Controllers\AuthController->login()
 9 SYSTEMPATH\CodeIgniter.php(497): CodeIgniter\CodeIgniter->runController(Object(App\Controllers\AuthController))
10 SYSTEMPATH\CodeIgniter.php(340): CodeIgniter\CodeIgniter->handleRequest(null, Object(Config\Cache), false)
11 SYSTEMPATH\Boot.php(417): CodeIgniter\CodeIgniter->run()
12 SYSTEMPATH\Boot.php(68): CodeIgniter\Boot::runCodeIgniter(Object(CodeIgniter\CodeIgniter))
13 FCPATH\index.php(59): CodeIgniter\Boot::bootWeb(Object(Config\Paths))
14 SYSTEMPATH\rewrite.php(44): require_once('C:\\xampp\\htdocs\\belajar_ci\\public\\index.php')
CRITICAL - 2026-06-09 03:29:57 --> CodeIgniter\Database\Exceptions\DatabaseException: Unknown column 'user.deleted_at' in 'where clause'
[Method: POST, Route: login]
in SYSTEMPATH\Database\BaseConnection.php on line 865.
 1 SYSTEMPATH\Database\BaseBuilder.php(1649): CodeIgniter\Database\BaseConnection->query('SELECT *
FROM `user`
WHERE `username` = :username:
AND `user`.`deleted_at` IS NULL
 LIMIT 1', [...], false)
 2 SYSTEMPATH\Model.php(295): CodeIgniter\Database\BaseBuilder->get()
 3 SYSTEMPATH\BaseModel.php(714): CodeIgniter\Model->doFirst()
 4 APPPATH\Controllers\AuthController.php(30): CodeIgniter\BaseModel->first()
 5 SYSTEMPATH\CodeIgniter.php(951): App\Controllers\AuthController->login()
 6 SYSTEMPATH\CodeIgniter.php(497): CodeIgniter\CodeIgniter->runController(Object(App\Controllers\AuthController))
 7 SYSTEMPATH\CodeIgniter.php(340): CodeIgniter\CodeIgniter->handleRequest(null, Object(Config\Cache), false)
 8 SYSTEMPATH\Boot.php(417): CodeIgniter\CodeIgniter->run()
 9 SYSTEMPATH\Boot.php(68): CodeIgniter\Boot::runCodeIgniter(Object(CodeIgniter\CodeIgniter))
10 FCPATH\index.php(59): CodeIgniter\Boot::bootWeb(Object(Config\Paths))
11 SYSTEMPATH\rewrite.php(44): require_once('C:\\xampp\\htdocs\\belajar_ci\\public\\index.php')
CRITICAL - 2026-06-09 03:29:57 --> [Caused by] CodeIgniter\Database\Exceptions\DatabaseException: Unknown column 'user.deleted_at' in 'where clause'
in SYSTEMPATH\Database\MySQLi\Connection.php on line 310.
 1 SYSTEMPATH\Database\BaseConnection.php(910): CodeIgniter\Database\MySQLi\Connection->execute('SELECT *
FROM `user`
WHERE `username` = \'dhimas\'
AND `user`.`deleted_at` IS NULL
 LIMIT 1')
 2 SYSTEMPATH\Database\BaseConnection.php(827): CodeIgniter\Database\BaseConnection->simpleQuery('SELECT *
FROM `user`
WHERE `username` = \'dhimas\'
AND `user`.`deleted_at` IS NULL
 LIMIT 1')
 3 SYSTEMPATH\Database\BaseBuilder.php(1649): CodeIgniter\Database\BaseConnection->query('SELECT *
FROM `user`
WHERE `username` = :username:
AND `user`.`deleted_at` IS NULL
 LIMIT 1', [...], false)
 4 SYSTEMPATH\Model.php(295): CodeIgniter\Database\BaseBuilder->get()
 5 SYSTEMPATH\BaseModel.php(714): CodeIgniter\Model->doFirst()
 6 APPPATH\Controllers\AuthController.php(30): CodeIgniter\BaseModel->first()
 7 SYSTEMPATH\CodeIgniter.php(951): App\Controllers\AuthController->login()
 8 SYSTEMPATH\CodeIgniter.php(497): CodeIgniter\CodeIgniter->runController(Object(App\Controllers\AuthController))
 9 SYSTEMPATH\CodeIgniter.php(340): CodeIgniter\CodeIgniter->handleRequest(null, Object(Config\Cache), false)
10 SYSTEMPATH\Boot.php(417): CodeIgniter\CodeIgniter->run()
11 SYSTEMPATH\Boot.php(68): CodeIgniter\Boot::runCodeIgniter(Object(CodeIgniter\CodeIgniter))
12 FCPATH\index.php(59): CodeIgniter\Boot::bootWeb(Object(Config\Paths))
13 SYSTEMPATH\rewrite.php(44): require_once('C:\\xampp\\htdocs\\belajar_ci\\public\\index.php')
CRITICAL - 2026-06-09 03:29:57 --> [Caused by] mysqli_sql_exception: Unknown column 'user.deleted_at' in 'where clause'
in SYSTEMPATH\Database\MySQLi\Connection.php on line 300.
 1 SYSTEMPATH\Database\MySQLi\Connection.php(300): mysqli->query('SELECT *
FROM `user`
WHERE `username` = \'dhimas\'
AND `user`.`deleted_at` IS NULL
 LIMIT 1', 0)
 2 SYSTEMPATH\Database\BaseConnection.php(910): CodeIgniter\Database\MySQLi\Connection->execute('SELECT *
FROM `user`
WHERE `username` = \'dhimas\'
AND `user`.`deleted_at` IS NULL
 LIMIT 1')
 3 SYSTEMPATH\Database\BaseConnection.php(827): CodeIgniter\Database\BaseConnection->simpleQuery('SELECT *
FROM `user`
WHERE `username` = \'dhimas\'
AND `user`.`deleted_at` IS NULL
 LIMIT 1')
 4 SYSTEMPATH\Database\BaseBuilder.php(1649): CodeIgniter\Database\BaseConnection->query('SELECT *
FROM `user`
WHERE `username` = :username:
AND `user`.`deleted_at` IS NULL
 LIMIT 1', [...], false)
 5 SYSTEMPATH\Model.php(295): CodeIgniter\Database\BaseBuilder->get()
 6 SYSTEMPATH\BaseModel.php(714): CodeIgniter\Model->doFirst()
 7 APPPATH\Controllers\AuthController.php(30): CodeIgniter\BaseModel->first()
 8 SYSTEMPATH\CodeIgniter.php(951): App\Controllers\AuthController->login()
 9 SYSTEMPATH\CodeIgniter.php(497): CodeIgniter\CodeIgniter->runController(Object(App\Controllers\AuthController))
10 SYSTEMPATH\CodeIgniter.php(340): CodeIgniter\CodeIgniter->handleRequest(null, Object(Config\Cache), false)
11 SYSTEMPATH\Boot.php(417): CodeIgniter\CodeIgniter->run()
12 SYSTEMPATH\Boot.php(68): CodeIgniter\Boot::runCodeIgniter(Object(CodeIgniter\CodeIgniter))
13 FCPATH\index.php(59): CodeIgniter\Boot::bootWeb(Object(Config\Paths))
14 SYSTEMPATH\rewrite.php(44): require_once('C:\\xampp\\htdocs\\belajar_ci\\public\\index.php')
ERROR - 2026-06-09 03:38:36 --> Duplicate entry 'dhimas' for key 'username'
in SYSTEMPATH\Database\MySQLi\Connection.php on line 300.
 1 SYSTEMPATH\Database\MySQLi\Connection.php(300): mysqli->query('INSERT INTO `user` (`username`, `email`, `password`, `role`, `created_at`) VALUES (\'dhimas\', \'dhimas@testing.com\', \'$2y$10$cGMogEhTBG8U6rZ1urWsVeI60oApr.I7IYwifYKRRpJ.YabKmSmIO\', \'admin\', \'2026-06-09 03:38:36\')', 0)
 2 SYSTEMPATH\Database\BaseConnection.php(910): CodeIgniter\Database\MySQLi\Connection->execute('INSERT INTO `user` (`username`, `email`, `password`, `role`, `created_at`) VALUES (\'dhimas\', \'dhimas@testing.com\', \'$2y$10$cGMogEhTBG8U6rZ1urWsVeI60oApr.I7IYwifYKRRpJ.YabKmSmIO\', \'admin\', \'2026-06-09 03:38:36\')')
 3 SYSTEMPATH\Database\BaseConnection.php(827): CodeIgniter\Database\BaseConnection->simpleQuery('INSERT INTO `user` (`username`, `email`, `password`, `role`, `created_at`) VALUES (\'dhimas\', \'dhimas@testing.com\', \'$2y$10$cGMogEhTBG8U6rZ1urWsVeI60oApr.I7IYwifYKRRpJ.YabKmSmIO\', \'admin\', \'2026-06-09 03:38:36\')')
 4 SYSTEMPATH\Database\BaseBuilder.php(2345): CodeIgniter\Database\BaseConnection->query('INSERT INTO `user` (`username`, `email`, `password`, `role`, `created_at`) VALUES (:username:, :email:, :password:, :role:, :created_at:)', [...], false)
 5 APPPATH\Database\Seeds\UserSeeder.php(34): CodeIgniter\Database\BaseBuilder->insert([...])
 6 SYSTEMPATH\Database\Seeder.php(148): require_once('C:\\xampp\\htdocs\\belajar_ci\\app\\Database\\Seeds\\UserSeeder.php')
 7 SYSTEMPATH\Commands\Database\Seed.php(79): CodeIgniter\Database\Seeder->call('App\\Database\\Seeds\\UserSeeder')
 8 SYSTEMPATH\CLI\Commands.php(74): CodeIgniter\Commands\Database\Seed->run([])
 9 SYSTEMPATH\CLI\Console.php(47): CodeIgniter\CLI\Commands->run('db:seed', [...])
10 SYSTEMPATH\Boot.php(442): CodeIgniter\CLI\Console->run()
11 SYSTEMPATH\Boot.php(166): CodeIgniter\Boot::runCommand(Object(CodeIgniter\CLI\Console))
12 ROOTPATH\spark(87): CodeIgniter\Boot::bootSpark(Object(Config\Paths))
DEBUG - 2026-06-09 03:39:01 --> Session: Class initialized using 'CodeIgniter\Session\Handlers\FileHandler' driver.
DEBUG - 2026-06-09 03:39:26 --> Session: Class initialized using 'CodeIgniter\Session\Handlers\FileHandler' driver.
DEBUG - 2026-06-09 03:39:32 --> Session: Class initialized using 'CodeIgniter\Session\Handlers\FileHandler' driver.
DEBUG - 2026-06-09 03:39:39 --> Session: Class initialized using 'CodeIgniter\Session\Handlers\FileHandler' driver.
DEBUG - 2026-06-09 03:39:40 --> Session: Class initialized using 'CodeIgniter\Session\Handlers\FileHandler' driver.
DEBUG - 2026-06-09 03:39:54 --> Session: Class initialized using 'CodeIgniter\Session\Handlers\FileHandler' driver.
DEBUG - 2026-06-09 03:39:56 --> Session: Class initialized using 'CodeIgniter\Session\Handlers\FileHandler' driver.
DEBUG - 2026-06-09 03:40:00 --> Session: Class initialized using 'CodeIgniter\Session\Handlers\FileHandler' driver.
DEBUG - 2026-06-09 03:40:02 --> Session: Class initialized using 'CodeIgniter\Session\Handlers\FileHandler' driver.
DEBUG - 2026-06-09 03:40:07 --> Session: Class initialized using 'CodeIgniter\Session\Handlers\FileHandler' driver.
DEBUG - 2026-06-09 03:41:20 --> Session: Class initialized using 'CodeIgniter\Session\Handlers\FileHandler' driver.
DEBUG - 2026-06-09 03:41:20 --> Session: Class initialized using 'CodeIgniter\Session\Handlers\FileHandler' driver.
DEBUG - 2026-06-09 03:41:25 --> Session: Class initialized using 'CodeIgniter\Session\Handlers\FileHandler' driver.
DEBUG - 2026-06-09 03:41:34 --> Session: Class initialized using 'CodeIgniter\Session\Handlers\FileHandler' driver.
DEBUG - 2026-06-09 03:42:12 --> Session: Class initialized using 'CodeIgniter\Session\Handlers\FileHandler' driver.
DEBUG - 2026-06-09 03:42:16 --> Session: Class initialized using 'CodeIgniter\Session\Handlers\FileHandler' driver.
DEBUG - 2026-06-09 03:42:21 --> Session: Class initialized using 'CodeIgniter\Session\Handlers\FileHandler' driver.
DEBUG - 2026-06-09 03:42:37 --> Session: Class initialized using 'CodeIgniter\Session\Handlers\FileHandler' driver.
DEBUG - 2026-06-09 03:42:37 --> Session: Class initialized using 'CodeIgniter\Session\Handlers\FileHandler' driver.
DEBUG - 2026-06-09 03:42:39 --> Session: Class initialized using 'CodeIgniter\Session\Handlers\FileHandler' driver.
DEBUG - 2026-06-09 03:42:40 --> Session: Class initialized using 'CodeIgniter\Session\Handlers\FileHandler' driver.
DEBUG - 2026-06-09 03:47:45 --> Session: Class initialized using 'CodeIgniter\Session\Handlers\FileHandler' driver.
DEBUG - 2026-06-09 03:47:50 --> Session: Class initialized using 'CodeIgniter\Session\Handlers\FileHandler' driver.
DEBUG - 2026-06-09 03:47:52 --> Session: Class initialized using 'CodeIgniter\Session\Handlers\FileHandler' driver.
DEBUG - 2026-06-09 03:47:55 --> Session: Class initialized using 'CodeIgniter\Session\Handlers\FileHandler' driver.
DEBUG - 2026-06-09 04:44:57 --> Session: Class initialized using 'CodeIgniter\Session\Handlers\FileHandler' driver.
DEBUG - 2026-06-09 04:45:00 --> Session: Class initialized using 'CodeIgniter\Session\Handlers\FileHandler' driver.
DEBUG - 2026-06-09 04:45:02 --> Session: Class initialized using 'CodeIgniter\Session\Handlers\FileHandler' driver.
ERROR - 2026-06-09 05:12:00 --> Error connecting to the database: mysqli_sql_exception: No connection could be made because the target machine actively refused it in C:\xampp\htdocs\belajar_ci\system\Database\MySQLi\Connection.php:201
Stack trace:
#0 C:\xampp\htdocs\belajar_ci\system\Database\MySQLi\Connection.php(201): mysqli->real_connect('localhost', 'root', Object(SensitiveParameterValue), 'db_ci4', 3306, '', 0)
#1 C:\xampp\htdocs\belajar_ci\system\Database\BaseConnection.php(555): CodeIgniter\Database\MySQLi\Connection->connect(false)
#2 C:\xampp\htdocs\belajar_ci\system\Database\BaseConnection.php(795): CodeIgniter\Database\BaseConnection->initialize()
#3 C:\xampp\htdocs\belajar_ci\system\Database\BaseBuilder.php(1649): CodeIgniter\Database\BaseConnection->query('SELECT *\nFROM `...', Array, false)
#4 C:\xampp\htdocs\belajar_ci\system\Model.php(253): CodeIgniter\Database\BaseBuilder->get()
#5 C:\xampp\htdocs\belajar_ci\system\BaseModel.php(676): CodeIgniter\Model->doFindAll(0, 0)
#6 C:\xampp\htdocs\belajar_ci\app\Controllers\Home.php(17): CodeIgniter\BaseModel->findAll()
#7 C:\xampp\htdocs\belajar_ci\system\CodeIgniter.php(951): App\Controllers\Home->index()
#8 C:\xampp\htdocs\belajar_ci\system\CodeIgniter.php(497): CodeIgniter\CodeIgniter->runController(Object(App\Controllers\Home))
#9 C:\xampp\htdocs\belajar_ci\system\CodeIgniter.php(340): CodeIgniter\CodeIgniter->handleRequest(NULL, Object(Config\Cache), false)
#10 C:\xampp\htdocs\belajar_ci\system\Boot.php(417): CodeIgniter\CodeIgniter->run()
#11 C:\xampp\htdocs\belajar_ci\system\Boot.php(68): CodeIgniter\Boot::runCodeIgniter(Object(CodeIgniter\CodeIgniter))
#12 C:\xampp\htdocs\belajar_ci\public\index.php(59): CodeIgniter\Boot::bootWeb(Object(Config\Paths))
#13 C:\xampp\htdocs\belajar_ci\system\rewrite.php(44): require_once('C:\\xampp\\htdocs...')
#14 {main}

Next CodeIgniter\Database\Exceptions\DatabaseException: No connection could be made because the target machine actively refused it in C:\xampp\htdocs\belajar_ci\system\Database\MySQLi\Connection.php:231
Stack trace:
#0 C:\xampp\htdocs\belajar_ci\system\Database\BaseConnection.php(555): CodeIgniter\Database\MySQLi\Connection->connect(false)
#1 C:\xampp\htdocs\belajar_ci\system\Database\BaseConnection.php(795): CodeIgniter\Database\BaseConnection->initialize()
#2 C:\xampp\htdocs\belajar_ci\system\Database\BaseBuilder.php(1649): CodeIgniter\Database\BaseConnection->query('SELECT *\nFROM `...', Array, false)
#3 C:\xampp\htdocs\belajar_ci\system\Model.php(253): CodeIgniter\Database\BaseBuilder->get()
#4 C:\xampp\htdocs\belajar_ci\system\BaseModel.php(676): CodeIgniter\Model->doFindAll(0, 0)
#5 C:\xampp\htdocs\belajar_ci\app\Controllers\Home.php(17): CodeIgniter\BaseModel->findAll()
#6 C:\xampp\htdocs\belajar_ci\system\CodeIgniter.php(951): App\Controllers\Home->index()
#7 C:\xampp\htdocs\belajar_ci\system\CodeIgniter.php(497): CodeIgniter\CodeIgniter->runController(Object(App\Controllers\Home))
#8 C:\xampp\htdocs\belajar_ci\system\CodeIgniter.php(340): CodeIgniter\CodeIgniter->handleRequest(NULL, Object(Config\Cache), false)
#9 C:\xampp\htdocs\belajar_ci\system\Boot.php(417): CodeIgniter\CodeIgniter->run()
#10 C:\xampp\htdocs\belajar_ci\system\Boot.php(68): CodeIgniter\Boot::runCodeIgniter(Object(CodeIgniter\CodeIgniter))
#11 C:\xampp\htdocs\belajar_ci\public\index.php(59): CodeIgniter\Boot::bootWeb(Object(Config\Paths))
#12 C:\xampp\htdocs\belajar_ci\system\rewrite.php(44): require_once('C:\\xampp\\htdocs...')
#13 {main}
CRITICAL - 2026-06-09 05:12:00 --> CodeIgniter\Database\Exceptions\DatabaseException: Unable to connect to the database.
Main connection [MySQLi]: No connection could be made because the target machine actively refused it
[Method: GET, Route: /]
in SYSTEMPATH\Database\BaseConnection.php on line 606.
 1 SYSTEMPATH\Database\BaseConnection.php(795): CodeIgniter\Database\BaseConnection->initialize()
 2 SYSTEMPATH\Database\BaseBuilder.php(1649): CodeIgniter\Database\BaseConnection->query('SELECT *
FROM `product`', [], false)
 3 SYSTEMPATH\Model.php(253): CodeIgniter\Database\BaseBuilder->get()
 4 SYSTEMPATH\BaseModel.php(676): CodeIgniter\Model->doFindAll(0, 0)
 5 APPPATH\Controllers\Home.php(17): CodeIgniter\BaseModel->findAll()
 6 SYSTEMPATH\CodeIgniter.php(951): App\Controllers\Home->index()
 7 SYSTEMPATH\CodeIgniter.php(497): CodeIgniter\CodeIgniter->runController(Object(App\Controllers\Home))
 8 SYSTEMPATH\CodeIgniter.php(340): CodeIgniter\CodeIgniter->handleRequest(null, Object(Config\Cache), false)
 9 SYSTEMPATH\Boot.php(417): CodeIgniter\CodeIgniter->run()
10 SYSTEMPATH\Boot.php(68): CodeIgniter\Boot::runCodeIgniter(Object(CodeIgniter\CodeIgniter))
11 FCPATH\index.php(59): CodeIgniter\Boot::bootWeb(Object(Config\Paths))
12 SYSTEMPATH\rewrite.php(44): require_once('C:\\xampp\\htdocs\\belajar_ci\\public\\index.php')
ERROR - 2026-06-09 05:30:05 --> Error connecting to the database: mysqli_sql_exception: No connection could be made because the target machine actively refused it in C:\xampp\htdocs\belajar_ci\system\Database\MySQLi\Connection.php:201
Stack trace:
#0 C:\xampp\htdocs\belajar_ci\system\Database\MySQLi\Connection.php(201): mysqli->real_connect('localhost', 'root', Object(SensitiveParameterValue), 'db_ci4', 3306, '', 0)
#1 C:\xampp\htdocs\belajar_ci\system\Database\BaseConnection.php(555): CodeIgniter\Database\MySQLi\Connection->connect(false)
#2 C:\xampp\htdocs\belajar_ci\system\Database\BaseConnection.php(795): CodeIgniter\Database\BaseConnection->initialize()
#3 C:\xampp\htdocs\belajar_ci\system\Database\BaseBuilder.php(1649): CodeIgniter\Database\BaseConnection->query('SELECT *\nFROM `...', Array, false)
#4 C:\xampp\htdocs\belajar_ci\system\Model.php(253): CodeIgniter\Database\BaseBuilder->get()
#5 C:\xampp\htdocs\belajar_ci\system\BaseModel.php(676): CodeIgniter\Model->doFindAll(0, 0)
#6 C:\xampp\htdocs\belajar_ci\app\Controllers\Home.php(17): CodeIgniter\BaseModel->findAll()
#7 C:\xampp\htdocs\belajar_ci\system\CodeIgniter.php(951): App\Controllers\Home->index()
#8 C:\xampp\htdocs\belajar_ci\system\CodeIgniter.php(497): CodeIgniter\CodeIgniter->runController(Object(App\Controllers\Home))
#9 C:\xampp\htdocs\belajar_ci\system\CodeIgniter.php(340): CodeIgniter\CodeIgniter->handleRequest(NULL, Object(Config\Cache), false)
#10 C:\xampp\htdocs\belajar_ci\system\Boot.php(417): CodeIgniter\CodeIgniter->run()
#11 C:\xampp\htdocs\belajar_ci\system\Boot.php(68): CodeIgniter\Boot::runCodeIgniter(Object(CodeIgniter\CodeIgniter))
#12 C:\xampp\htdocs\belajar_ci\public\index.php(59): CodeIgniter\Boot::bootWeb(Object(Config\Paths))
#13 C:\xampp\htdocs\belajar_ci\system\rewrite.php(44): require_once('C:\\xampp\\htdocs...')
#14 {main}

Next CodeIgniter\Database\Exceptions\DatabaseException: No connection could be made because the target machine actively refused it in C:\xampp\htdocs\belajar_ci\system\Database\MySQLi\Connection.php:231
Stack trace:
#0 C:\xampp\htdocs\belajar_ci\system\Database\BaseConnection.php(555): CodeIgniter\Database\MySQLi\Connection->connect(false)
#1 C:\xampp\htdocs\belajar_ci\system\Database\BaseConnection.php(795): CodeIgniter\Database\BaseConnection->initialize()
#2 C:\xampp\htdocs\belajar_ci\system\Database\BaseBuilder.php(1649): CodeIgniter\Database\BaseConnection->query('SELECT *\nFROM `...', Array, false)
#3 C:\xampp\htdocs\belajar_ci\system\Model.php(253): CodeIgniter\Database\BaseBuilder->get()
#4 C:\xampp\htdocs\belajar_ci\system\BaseModel.php(676): CodeIgniter\Model->doFindAll(0, 0)
#5 C:\xampp\htdocs\belajar_ci\app\Controllers\Home.php(17): CodeIgniter\BaseModel->findAll()
#6 C:\xampp\htdocs\belajar_ci\system\CodeIgniter.php(951): App\Controllers\Home->index()
#7 C:\xampp\htdocs\belajar_ci\system\CodeIgniter.php(497): CodeIgniter\CodeIgniter->runController(Object(App\Controllers\Home))
#8 C:\xampp\htdocs\belajar_ci\system\CodeIgniter.php(340): CodeIgniter\CodeIgniter->handleRequest(NULL, Object(Config\Cache), false)
#9 C:\xampp\htdocs\belajar_ci\system\Boot.php(417): CodeIgniter\CodeIgniter->run()
#10 C:\xampp\htdocs\belajar_ci\system\Boot.php(68): CodeIgniter\Boot::runCodeIgniter(Object(CodeIgniter\CodeIgniter))
#11 C:\xampp\htdocs\belajar_ci\public\index.php(59): CodeIgniter\Boot::bootWeb(Object(Config\Paths))
#12 C:\xampp\htdocs\belajar_ci\system\rewrite.php(44): require_once('C:\\xampp\\htdocs...')
#13 {main}
CRITICAL - 2026-06-09 05:30:05 --> CodeIgniter\Database\Exceptions\DatabaseException: Unable to connect to the database.
Main connection [MySQLi]: No connection could be made because the target machine actively refused it
[Method: GET, Route: /]
in SYSTEMPATH\Database\BaseConnection.php on line 606.
 1 SYSTEMPATH\Database\BaseConnection.php(795): CodeIgniter\Database\BaseConnection->initialize()
 2 SYSTEMPATH\Database\BaseBuilder.php(1649): CodeIgniter\Database\BaseConnection->query('SELECT *
FROM `product`', [], false)
 3 SYSTEMPATH\Model.php(253): CodeIgniter\Database\BaseBuilder->get()
 4 SYSTEMPATH\BaseModel.php(676): CodeIgniter\Model->doFindAll(0, 0)
 5 APPPATH\Controllers\Home.php(17): CodeIgniter\BaseModel->findAll()
 6 SYSTEMPATH\CodeIgniter.php(951): App\Controllers\Home->index()
 7 SYSTEMPATH\CodeIgniter.php(497): CodeIgniter\CodeIgniter->runController(Object(App\Controllers\Home))
 8 SYSTEMPATH\CodeIgniter.php(340): CodeIgniter\CodeIgniter->handleRequest(null, Object(Config\Cache), false)
 9 SYSTEMPATH\Boot.php(417): CodeIgniter\CodeIgniter->run()
10 SYSTEMPATH\Boot.php(68): CodeIgniter\Boot::runCodeIgniter(Object(CodeIgniter\CodeIgniter))
11 FCPATH\index.php(59): CodeIgniter\Boot::bootWeb(Object(Config\Paths))
12 SYSTEMPATH\rewrite.php(44): require_once('C:\\xampp\\htdocs\\belajar_ci\\public\\index.php')
DEBUG - 2026-06-09 05:30:23 --> Session: Class initialized using 'CodeIgniter\Session\Handlers\FileHandler' driver.
CRITICAL - 2026-06-09 05:30:23 --> Error: Call to undefined function form_open()
[Method: GET, Route: /]
in APPPATH\Views\v_home.php on line 18.
 1 SYSTEMPATH\View\View.php(240): include()
 2 SYSTEMPATH\View\View.php(243): CodeIgniter\View\View->CodeIgniter\View\{closure}()
 3 SYSTEMPATH\Common.php(1250): CodeIgniter\View\View->render('v_home', [], true)
 4 APPPATH\Controllers\Home.php(16): view('v_home', [...])
 5 SYSTEMPATH\CodeIgniter.php(951): App\Controllers\Home->index()
 6 SYSTEMPATH\CodeIgniter.php(497): CodeIgniter\CodeIgniter->runController(Object(App\Controllers\Home))
 7 SYSTEMPATH\CodeIgniter.php(340): CodeIgniter\CodeIgniter->handleRequest(null, Object(Config\Cache), false)
 8 SYSTEMPATH\Boot.php(417): CodeIgniter\CodeIgniter->run()
 9 SYSTEMPATH\Boot.php(68): CodeIgniter\Boot::runCodeIgniter(Object(CodeIgniter\CodeIgniter))
10 FCPATH\index.php(59): CodeIgniter\Boot::bootWeb(Object(Config\Paths))
11 SYSTEMPATH\rewrite.php(44): require_once('C:\\xampp\\htdocs\\belajar_ci\\public\\index.php')
DEBUG - 2026-06-09 05:30:25 --> Session: Class initialized using 'CodeIgniter\Session\Handlers\FileHandler' driver.
CRITICAL - 2026-06-09 05:30:25 --> Error: Call to undefined function form_open()
[Method: GET, Route: /]
in APPPATH\Views\v_home.php on line 18.
 1 SYSTEMPATH\View\View.php(240): include()
 2 SYSTEMPATH\View\View.php(243): CodeIgniter\View\View->CodeIgniter\View\{closure}()
 3 SYSTEMPATH\Common.php(1250): CodeIgniter\View\View->render('v_home', [], true)
 4 APPPATH\Controllers\Home.php(16): view('v_home', [...])
 5 SYSTEMPATH\CodeIgniter.php(951): App\Controllers\Home->index()
 6 SYSTEMPATH\CodeIgniter.php(497): CodeIgniter\CodeIgniter->runController(Object(App\Controllers\Home))
 7 SYSTEMPATH\CodeIgniter.php(340): CodeIgniter\CodeIgniter->handleRequest(null, Object(Config\Cache), false)
 8 SYSTEMPATH\Boot.php(417): CodeIgniter\CodeIgniter->run()
 9 SYSTEMPATH\Boot.php(68): CodeIgniter\Boot::runCodeIgniter(Object(CodeIgniter\CodeIgniter))
10 FCPATH\index.php(59): CodeIgniter\Boot::bootWeb(Object(Config\Paths))
11 SYSTEMPATH\rewrite.php(44): require_once('C:\\xampp\\htdocs\\belajar_ci\\public\\index.php')
DEBUG - 2026-06-09 05:30:29 --> Session: Class initialized using 'CodeIgniter\Session\Handlers\FileHandler' driver.
CRITICAL - 2026-06-09 05:30:29 --> Error: Call to undefined function form_open()
[Method: GET, Route: /]
in APPPATH\Views\v_home.php on line 18.
 1 SYSTEMPATH\View\View.php(240): include()
 2 SYSTEMPATH\View\View.php(243): CodeIgniter\View\View->CodeIgniter\View\{closure}()
 3 SYSTEMPATH\Common.php(1250): CodeIgniter\View\View->render('v_home', [], true)
 4 APPPATH\Controllers\Home.php(16): view('v_home', [...])
 5 SYSTEMPATH\CodeIgniter.php(951): App\Controllers\Home->index()
 6 SYSTEMPATH\CodeIgniter.php(497): CodeIgniter\CodeIgniter->runController(Object(App\Controllers\Home))
 7 SYSTEMPATH\CodeIgniter.php(340): CodeIgniter\CodeIgniter->handleRequest(null, Object(Config\Cache), false)
 8 SYSTEMPATH\Boot.php(417): CodeIgniter\CodeIgniter->run()
 9 SYSTEMPATH\Boot.php(68): CodeIgniter\Boot::runCodeIgniter(Object(CodeIgniter\CodeIgniter))
10 FCPATH\index.php(59): CodeIgniter\Boot::bootWeb(Object(Config\Paths))
11 SYSTEMPATH\rewrite.php(44): require_once('C:\\xampp\\htdocs\\belajar_ci\\public\\index.php')
DEBUG - 2026-06-09 05:30:49 --> Session: Class initialized using 'CodeIgniter\Session\Handlers\FileHandler' driver.
CRITICAL - 2026-06-09 05:30:49 --> Error: Call to undefined function form_open()
[Method: GET, Route: /]
in APPPATH\Views\v_home.php on line 18.
 1 SYSTEMPATH\View\View.php(240): include()
 2 SYSTEMPATH\View\View.php(243): CodeIgniter\View\View->CodeIgniter\View\{closure}()
 3 SYSTEMPATH\Common.php(1250): CodeIgniter\View\View->render('v_home', [], true)
 4 APPPATH\Controllers\Home.php(16): view('v_home', [...])
 5 SYSTEMPATH\CodeIgniter.php(951): App\Controllers\Home->index()
 6 SYSTEMPATH\CodeIgniter.php(497): CodeIgniter\CodeIgniter->runController(Object(App\Controllers\Home))
 7 SYSTEMPATH\CodeIgniter.php(340): CodeIgniter\CodeIgniter->handleRequest(null, Object(Config\Cache), false)
 8 SYSTEMPATH\Boot.php(417): CodeIgniter\CodeIgniter->run()
 9 SYSTEMPATH\Boot.php(68): CodeIgniter\Boot::runCodeIgniter(Object(CodeIgniter\CodeIgniter))
10 FCPATH\index.php(59): CodeIgniter\Boot::bootWeb(Object(Config\Paths))
11 SYSTEMPATH\rewrite.php(44): require_once('C:\\xampp\\htdocs\\belajar_ci\\public\\index.php')
DEBUG - 2026-06-09 05:37:17 --> Session: Class initialized using 'CodeIgniter\Session\Handlers\FileHandler' driver.
CRITICAL - 2026-06-09 05:37:17 --> Error: Call to undefined function number_to_currency()
[Method: GET, Route: /]
in APPPATH\Views\v_home.php on line 27.
 1 SYSTEMPATH\View\View.php(240): include()
 2 SYSTEMPATH\View\View.php(243): CodeIgniter\View\View->CodeIgniter\View\{closure}()
 3 SYSTEMPATH\Common.php(1250): CodeIgniter\View\View->render('v_home', [], true)
 4 APPPATH\Controllers\Home.php(17): view('v_home', [...])
 5 SYSTEMPATH\CodeIgniter.php(951): App\Controllers\Home->index()
 6 SYSTEMPATH\CodeIgniter.php(497): CodeIgniter\CodeIgniter->runController(Object(App\Controllers\Home))
 7 SYSTEMPATH\CodeIgniter.php(340): CodeIgniter\CodeIgniter->handleRequest(null, Object(Config\Cache), false)
 8 SYSTEMPATH\Boot.php(417): CodeIgniter\CodeIgniter->run()
 9 SYSTEMPATH\Boot.php(68): CodeIgniter\Boot::runCodeIgniter(Object(CodeIgniter\CodeIgniter))
10 FCPATH\index.php(59): CodeIgniter\Boot::bootWeb(Object(Config\Paths))
11 SYSTEMPATH\rewrite.php(44): require_once('C:\\xampp\\htdocs\\belajar_ci\\public\\index.php')
DEBUG - 2026-06-09 05:37:19 --> Session: Class initialized using 'CodeIgniter\Session\Handlers\FileHandler' driver.
CRITICAL - 2026-06-09 05:37:19 --> Error: Call to undefined function number_to_currency()
[Method: GET, Route: /]
in APPPATH\Views\v_home.php on line 27.
 1 SYSTEMPATH\View\View.php(240): include()
 2 SYSTEMPATH\View\View.php(243): CodeIgniter\View\View->CodeIgniter\View\{closure}()
 3 SYSTEMPATH\Common.php(1250): CodeIgniter\View\View->render('v_home', [], true)
 4 APPPATH\Controllers\Home.php(17): view('v_home', [...])
 5 SYSTEMPATH\CodeIgniter.php(951): App\Controllers\Home->index()
 6 SYSTEMPATH\CodeIgniter.php(497): CodeIgniter\CodeIgniter->runController(Object(App\Controllers\Home))
 7 SYSTEMPATH\CodeIgniter.php(340): CodeIgniter\CodeIgniter->handleRequest(null, Object(Config\Cache), false)
 8 SYSTEMPATH\Boot.php(417): CodeIgniter\CodeIgniter->run()
 9 SYSTEMPATH\Boot.php(68): CodeIgniter\Boot::runCodeIgniter(Object(CodeIgniter\CodeIgniter))
10 FCPATH\index.php(59): CodeIgniter\Boot::bootWeb(Object(Config\Paths))
11 SYSTEMPATH\rewrite.php(44): require_once('C:\\xampp\\htdocs\\belajar_ci\\public\\index.php')
DEBUG - 2026-06-09 05:37:39 --> Session: Class initialized using 'CodeIgniter\Session\Handlers\FileHandler' driver.
CRITICAL - 2026-06-09 05:37:39 --> Error: Call to undefined function number_to_currency()
[Method: GET, Route: /]
in APPPATH\Views\v_home.php on line 27.
 1 SYSTEMPATH\View\View.php(240): include()
 2 SYSTEMPATH\View\View.php(243): CodeIgniter\View\View->CodeIgniter\View\{closure}()
 3 SYSTEMPATH\Common.php(1250): CodeIgniter\View\View->render('v_home', [], true)
 4 APPPATH\Controllers\Home.php(17): view('v_home', [...])
 5 SYSTEMPATH\CodeIgniter.php(951): App\Controllers\Home->index()
 6 SYSTEMPATH\CodeIgniter.php(497): CodeIgniter\CodeIgniter->runController(Object(App\Controllers\Home))
 7 SYSTEMPATH\CodeIgniter.php(340): CodeIgniter\CodeIgniter->handleRequest(null, Object(Config\Cache), false)
 8 SYSTEMPATH\Boot.php(417): CodeIgniter\CodeIgniter->run()
 9 SYSTEMPATH\Boot.php(68): CodeIgniter\Boot::runCodeIgniter(Object(CodeIgniter\CodeIgniter))
10 FCPATH\index.php(59): CodeIgniter\Boot::bootWeb(Object(Config\Paths))
11 SYSTEMPATH\rewrite.php(44): require_once('C:\\xampp\\htdocs\\belajar_ci\\public\\index.php')
DEBUG - 2026-06-09 05:38:15 --> Session: Class initialized using 'CodeIgniter\Session\Handlers\FileHandler' driver.
CRITICAL - 2026-06-09 05:38:15 --> Error: Call to undefined function number_to_currency()
[Method: GET, Route: /]
in APPPATH\Views\v_home.php on line 27.
 1 SYSTEMPATH\View\View.php(240): include()
 2 SYSTEMPATH\View\View.php(243): CodeIgniter\View\View->CodeIgniter\View\{closure}()
 3 SYSTEMPATH\Common.php(1250): CodeIgniter\View\View->render('v_home', [], true)
 4 APPPATH\Controllers\Home.php(17): view('v_home', [...])
 5 SYSTEMPATH\CodeIgniter.php(951): App\Controllers\Home->index()
 6 SYSTEMPATH\CodeIgniter.php(497): CodeIgniter\CodeIgniter->runController(Object(App\Controllers\Home))
 7 SYSTEMPATH\CodeIgniter.php(340): CodeIgniter\CodeIgniter->handleRequest(null, Object(Config\Cache), false)
 8 SYSTEMPATH\Boot.php(417): CodeIgniter\CodeIgniter->run()
 9 SYSTEMPATH\Boot.php(68): CodeIgniter\Boot::runCodeIgniter(Object(CodeIgniter\CodeIgniter))
10 FCPATH\index.php(59): CodeIgniter\Boot::bootWeb(Object(Config\Paths))
11 SYSTEMPATH\rewrite.php(44): require_once('C:\\xampp\\htdocs\\belajar_ci\\public\\index.php')
DEBUG - 2026-06-09 05:40:52 --> Session: Class initialized using 'CodeIgniter\Session\Handlers\FileHandler' driver.
DEBUG - 2026-06-09 05:40:58 --> Session: Class initialized using 'CodeIgniter\Session\Handlers\FileHandler' driver.
DEBUG - 2026-06-09 05:41:00 --> Session: Class initialized using 'CodeIgniter\Session\Handlers\FileHandler' driver.
DEBUG - 2026-06-09 05:42:36 --> Session: Class initialized using 'CodeIgniter\Session\Handlers\FileHandler' driver.
DEBUG - 2026-06-09 05:56:43 --> Session: Class initialized using 'CodeIgniter\Session\Handlers\FileHandler' driver.
CRITICAL - 2026-06-09 05:56:46 --> ErrorException: Cannot redeclare App\Controllers\TransaksiController::index()
[Method: POST, Route: keranjang]
in APPPATH\Controllers\TransaksiController.php on line 47.
 1 [internal function]: CodeIgniter\Debug\Exceptions->shutdownHandler()
DEBUG - 2026-06-09 05:56:49 --> Session: Class initialized using 'CodeIgniter\Session\Handlers\FileHandler' driver.
CRITICAL - 2026-06-09 05:59:32 --> ErrorException: Cannot redeclare App\Controllers\TransaksiController::index()
[Method: POST, Route: keranjang]
in APPPATH\Controllers\TransaksiController.php on line 47.
 1 [internal function]: CodeIgniter\Debug\Exceptions->shutdownHandler()
DEBUG - 2026-06-09 06:02:20 --> Session: Class initialized using 'CodeIgniter\Session\Handlers\FileHandler' driver.
CRITICAL - 2026-06-09 06:02:20 --> Error: Class "JasonN\Cart\Cart" not found
[Method: POST, Route: keranjang]
in VENDORPATH\jason-napolitano\codeigniter4-cart-module\src\Config\Services.php on line 35.
 1 SYSTEMPATH\Config\BaseService.php(325): CodeIgniterCart\Config\Services::cart(false)
 2 SYSTEMPATH\Config\BaseService.php(264): CodeIgniter\Config\BaseService::__callStatic('cart', [...])
 3 VENDORPATH\jason-napolitano\codeigniter4-cart-module\src\Config\Services.php(33): CodeIgniter\Config\BaseService::getSharedInstance('cart')
 4 SYSTEMPATH\Config\BaseService.php(334): CodeIgniterCart\Config\Services::cart()
 5 SYSTEMPATH\Config\BaseService.php(203): CodeIgniter\Config\BaseService::__callStatic('cart', [])
 6 SYSTEMPATH\Common.php(1078): CodeIgniter\Config\BaseService::get('cart')
 7 APPPATH\Controllers\TransaksiController.php(15): service('cart')
 8 SYSTEMPATH\CodeIgniter.php(921): App\Controllers\TransaksiController->__construct()
 9 SYSTEMPATH\CodeIgniter.php(488): CodeIgniter\CodeIgniter->createController()
10 SYSTEMPATH\CodeIgniter.php(340): CodeIgniter\CodeIgniter->handleRequest(null, Object(Config\Cache), false)
11 SYSTEMPATH\Boot.php(417): CodeIgniter\CodeIgniter->run()
12 SYSTEMPATH\Boot.php(68): CodeIgniter\Boot::runCodeIgniter(Object(CodeIgniter\CodeIgniter))
13 FCPATH\index.php(59): CodeIgniter\Boot::bootWeb(Object(Config\Paths))
14 SYSTEMPATH\rewrite.php(44): require_once('C:\\xampp\\htdocs\\belajar_ci\\public\\index.php')
DEBUG - 2026-06-09 06:02:23 --> Session: Class initialized using 'CodeIgniter\Session\Handlers\FileHandler' driver.
CRITICAL - 2026-06-09 06:02:23 --> Error: Class "JasonN\Cart\Cart" not found
[Method: POST, Route: keranjang]
in VENDORPATH\jason-napolitano\codeigniter4-cart-module\src\Config\Services.php on line 35.
 1 SYSTEMPATH\Config\BaseService.php(325): CodeIgniterCart\Config\Services::cart(false)
 2 SYSTEMPATH\Config\BaseService.php(264): CodeIgniter\Config\BaseService::__callStatic('cart', [...])
 3 VENDORPATH\jason-napolitano\codeigniter4-cart-module\src\Config\Services.php(33): CodeIgniter\Config\BaseService::getSharedInstance('cart')
 4 SYSTEMPATH\Config\BaseService.php(334): CodeIgniterCart\Config\Services::cart()
 5 SYSTEMPATH\Config\BaseService.php(203): CodeIgniter\Config\BaseService::__callStatic('cart', [])
 6 SYSTEMPATH\Common.php(1078): CodeIgniter\Config\BaseService::get('cart')
 7 APPPATH\Controllers\TransaksiController.php(15): service('cart')
 8 SYSTEMPATH\CodeIgniter.php(921): App\Controllers\TransaksiController->__construct()
 9 SYSTEMPATH\CodeIgniter.php(488): CodeIgniter\CodeIgniter->createController()
10 SYSTEMPATH\CodeIgniter.php(340): CodeIgniter\CodeIgniter->handleRequest(null, Object(Config\Cache), false)
11 SYSTEMPATH\Boot.php(417): CodeIgniter\CodeIgniter->run()
12 SYSTEMPATH\Boot.php(68): CodeIgniter\Boot::runCodeIgniter(Object(CodeIgniter\CodeIgniter))
13 FCPATH\index.php(59): CodeIgniter\Boot::bootWeb(Object(Config\Paths))
14 SYSTEMPATH\rewrite.php(44): require_once('C:\\xampp\\htdocs\\belajar_ci\\public\\index.php')
DEBUG - 2026-06-09 06:05:35 --> Session: Class initialized using 'CodeIgniter\Session\Handlers\FileHandler' driver.
INFO - 2026-06-09 06:05:35 --> Cart Class Initialized
DEBUG - 2026-06-09 06:05:35 --> Session: Class initialized using 'CodeIgniter\Session\Handlers\FileHandler' driver.
DEBUG - 2026-06-09 06:05:41 --> Session: Class initialized using 'CodeIgniter\Session\Handlers\FileHandler' driver.
INFO - 2026-06-09 06:05:41 --> Cart Class Initialized
DEBUG - 2026-06-09 06:05:41 --> Session: Class initialized using 'CodeIgniter\Session\Handlers\FileHandler' driver.
DEBUG - 2026-06-09 06:05:45 --> Session: Class initialized using 'CodeIgniter\Session\Handlers\FileHandler' driver.
INFO - 2026-06-09 06:05:45 --> Cart Class Initialized
DEBUG - 2026-06-09 06:05:57 --> Session: Class initialized using 'CodeIgniter\Session\Handlers\FileHandler' driver.
DEBUG - 2026-06-09 06:06:00 --> Session: Class initialized using 'CodeIgniter\Session\Handlers\FileHandler' driver.
INFO - 2026-06-09 06:06:00 --> Cart Class Initialized
DEBUG - 2026-06-09 06:06:01 --> Session: Class initialized using 'CodeIgniter\Session\Handlers\FileHandler' driver.
DEBUG - 2026-06-09 06:06:13 --> Session: Class initialized using 'CodeIgniter\Session\Handlers\FileHandler' driver.
INFO - 2026-06-09 06:06:13 --> Cart Class Initialized
DEBUG - 2026-06-09 06:24:06 --> Session: Class initialized using 'CodeIgniter\Session\Handlers\FileHandler' driver.
INFO - 2026-06-09 06:24:06 --> Cart Class Initialized
DEBUG - 2026-06-09 06:28:08 --> Session: Class initialized using 'CodeIgniter\Session\Handlers\FileHandler' driver.
INFO - 2026-06-09 06:28:08 --> Cart Class Initialized
DEBUG - 2026-06-09 06:28:11 --> Session: Class initialized using 'CodeIgniter\Session\Handlers\FileHandler' driver.
INFO - 2026-06-09 06:28:11 --> Cart Class Initialized
DEBUG - 2026-06-09 06:31:26 --> Session: Class initialized using 'CodeIgniter\Session\Handlers\FileHandler' driver.
INFO - 2026-06-09 06:31:26 --> Cart Class Initialized
DEBUG - 2026-06-09 06:31:33 --> Session: Class initialized using 'CodeIgniter\Session\Handlers\FileHandler' driver.
INFO - 2026-06-09 06:31:33 --> Cart Class Initialized
DEBUG - 2026-06-09 06:31:33 --> Session: Class initialized using 'CodeIgniter\Session\Handlers\FileHandler' driver.
INFO - 2026-06-09 06:31:34 --> Cart Class Initialized
DEBUG - 2026-06-09 06:32:47 --> Session: Class initialized using 'CodeIgniter\Session\Handlers\FileHandler' driver.
INFO - 2026-06-09 06:32:47 --> Cart Class Initialized
DEBUG - 2026-06-09 06:32:55 --> Session: Class initialized using 'CodeIgniter\Session\Handlers\FileHandler' driver.
INFO - 2026-06-09 06:32:55 --> Cart Class Initialized
DEBUG - 2026-06-09 06:34:20 --> Session: Class initialized using 'CodeIgniter\Session\Handlers\FileHandler' driver.
INFO - 2026-06-09 06:34:20 --> Cart Class Initialized
DEBUG - 2026-06-09 06:35:28 --> Session: Class initialized using 'CodeIgniter\Session\Handlers\FileHandler' driver.
INFO - 2026-06-09 06:35:28 --> Cart Class Initialized
DEBUG - 2026-06-09 06:35:30 --> Session: Class initialized using 'CodeIgniter\Session\Handlers\FileHandler' driver.
INFO - 2026-06-09 06:35:30 --> Cart Class Initialized
DEBUG - 2026-06-09 06:35:30 --> Session: Class initialized using 'CodeIgniter\Session\Handlers\FileHandler' driver.
INFO - 2026-06-09 06:35:30 --> Cart Class Initialized
CRITICAL - 2026-06-09 06:38:58 --> ParseError: syntax error, unexpected single-quoted string "total", expecting "]"
[Method: GET, Route: keranjang]
in APPPATH\Controllers\TransaksiController.php on line 21.
 1 SYSTEMPATH\Autoloader\Autoloader.php(295): CodeIgniter\Autoloader\Autoloader->includeFile('C:\\xampp\\htdocs\\belajar_ci\\app\\Controllers\\TransaksiController.php')
 2 SYSTEMPATH\Autoloader\Autoloader.php(271): CodeIgniter\Autoloader\Autoloader->loadInNamespace('App\\Controllers\\TransaksiController')
 3 [internal function]: CodeIgniter\Autoloader\Autoloader->loadClass('App\\Controllers\\TransaksiController')
 4 SYSTEMPATH\Router\Router.php(792): class_exists('\\App\\Controllers\\TransaksiController')
 5 SYSTEMPATH\Router\Router.php(230): CodeIgniter\Router\Router->processRouteAttributes()
 6 SYSTEMPATH\CodeIgniter.php(829): CodeIgniter\Router\Router->handle('keranjang')
 7 SYSTEMPATH\CodeIgniter.php(441): CodeIgniter\CodeIgniter->tryToRouteIt(Object(CodeIgniter\Router\RouteCollection))
 8 SYSTEMPATH\CodeIgniter.php(340): CodeIgniter\CodeIgniter->handleRequest(null, Object(Config\Cache), false)
 9 SYSTEMPATH\Boot.php(417): CodeIgniter\CodeIgniter->run()
10 SYSTEMPATH\Boot.php(68): CodeIgniter\Boot::runCodeIgniter(Object(CodeIgniter\CodeIgniter))
11 FCPATH\index.php(59): CodeIgniter\Boot::bootWeb(Object(Config\Paths))
12 SYSTEMPATH\rewrite.php(44): require_once('C:\\xampp\\htdocs\\belajar_ci\\public\\index.php')
DEBUG - 2026-06-09 06:40:46 --> Session: Class initialized using 'CodeIgniter\Session\Handlers\FileHandler' driver.
INFO - 2026-06-09 06:40:46 --> Cart Class Initialized
DEBUG - 2026-06-09 06:40:49 --> Session: Class initialized using 'CodeIgniter\Session\Handlers\FileHandler' driver.
INFO - 2026-06-09 06:40:49 --> Cart Class Initialized
DEBUG - 2026-06-09 06:40:49 --> Session: Class initialized using 'CodeIgniter\Session\Handlers\FileHandler' driver.
INFO - 2026-06-09 06:40:49 --> Cart Class Initialized
DEBUG - 2026-06-09 06:42:11 --> Session: Class initialized using 'CodeIgniter\Session\Handlers\FileHandler' driver.
INFO - 2026-06-09 06:42:11 --> Cart Class Initialized
DEBUG - 2026-06-09 06:42:12 --> Session: Class initialized using 'CodeIgniter\Session\Handlers\FileHandler' driver.
DEBUG - 2026-06-09 06:42:15 --> Session: Class initialized using 'CodeIgniter\Session\Handlers\FileHandler' driver.
DEBUG - 2026-06-09 06:42:18 --> Session: Class initialized using 'CodeIgniter\Session\Handlers\FileHandler' driver.
DEBUG - 2026-06-09 06:42:21 --> Session: Class initialized using 'CodeIgniter\Session\Handlers\FileHandler' driver.
INFO - 2026-06-09 06:42:21 --> Cart Class Initialized
DEBUG - 2026-06-09 06:42:21 --> Session: Class initialized using 'CodeIgniter\Session\Handlers\FileHandler' driver.
DEBUG - 2026-06-09 06:42:25 --> Session: Class initialized using 'CodeIgniter\Session\Handlers\FileHandler' driver.
INFO - 2026-06-09 06:42:25 --> Cart Class Initialized
DEBUG - 2026-06-09 06:42:26 --> Session: Class initialized using 'CodeIgniter\Session\Handlers\FileHandler' driver.
DEBUG - 2026-06-09 06:42:27 --> Session: Class initialized using 'CodeIgniter\Session\Handlers\FileHandler' driver.
INFO - 2026-06-09 06:42:27 --> Cart Class Initialized
DEBUG - 2026-06-09 06:42:33 --> Session: Class initialized using 'CodeIgniter\Session\Handlers\FileHandler' driver.
INFO - 2026-06-09 06:42:33 --> Cart Class Initialized
DEBUG - 2026-06-09 06:42:34 --> Session: Class initialized using 'CodeIgniter\Session\Handlers\FileHandler' driver.
INFO - 2026-06-09 06:42:34 --> Cart Class Initialized
